2020-09-10 11:59:14.418  INFO 3748 --- [restartedMain] com.example.demo.DemoApplication         : Starting DemoApplication on Asus with PID 3748 (C:\Users\User\IdeaProjects\springBootDemo\target\classes started by Grigor in C:\Users\User\IdeaProjects\springBootDemo)
2020-09-10 11:59:14.446  INFO 3748 --- [restartedMain] com.example.demo.DemoApplication         : No active profile set, falling back to default profiles: default
2020-09-10 11:59:14.761  INFO 3748 --- [restartedMain] .e.DevToolsPropertyDefaultsPostProcessor : Devtools property defaults active! Set 'spring.devtools.add-properties' to 'false' to disable
2020-09-10 11:59:14.762  INFO 3748 --- [restartedMain] .e.DevToolsPropertyDefaultsPostProcessor : For additional web related logging consider setting the 'logging.level.web' property to 'DEBUG'
2020-09-10 11:59:21.416  INFO 3748 --- [restartedMain] .s.d.r.c.RepositoryConfigurationDelegate : Bootstrapping Spring Data JPA repositories in DEFERRED mode.
2020-09-10 11:59:22.089  INFO 3748 --- [restartedMain] .s.d.r.c.RepositoryConfigurationDelegate : Finished Spring Data repository scanning in 585ms. Found 7 JPA repository interfaces.
2020-09-10 11:59:23.238  INFO 3748 --- [restartedMain] trationDelegate$BeanPostProcessorChecker : Bean 'org.springframework.security.access.expression.method.DefaultMethodSecurityExpressionHandler@8176321' of type [org.springframework.security.access.expression.method.DefaultMethodSecurityExpressionHandler] is not eligible for getting processed by all BeanPostProcessors (for example: not eligible for auto-proxying)
2020-09-10 11:59:23.260  INFO 3748 --- [restartedMain] trationDelegate$BeanPostProcessorChecker : Bean 'methodSecurityMetadataSource' of type [org.springframework.security.access.method.DelegatingMethodSecurityMetadataSource] is not eligible for getting processed by all BeanPostProcessors (for example: not eligible for auto-proxying)
2020-09-10 11:59:32.109  INFO 3748 --- [restartedMain] o.s.b.w.embedded.tomcat.TomcatWebServer  : Tomcat initialized with port(s): 8080 (http)
2020-09-10 11:59:32.145  INFO 3748 --- [restartedMain] o.apache.catalina.core.StandardService   : Starting service [Tomcat]
2020-09-10 11:59:32.145  INFO 3748 --- [restartedMain] org.apache.catalina.core.StandardEngine  : Starting Servlet engine: [Apache Tomcat/9.0.37]
2020-09-10 11:59:32.392  INFO 3748 --- [restartedMain] o.a.c.c.C.[Tomcat].[localhost].[/]       : Initializing Spring embedded WebApplicationContext
2020-09-10 11:59:32.393  INFO 3748 --- [restartedMain] w.s.c.ServletWebServerApplicationContext : Root WebApplicationContext: initialization completed in 17630 ms
2020-09-10 11:59:33.556  INFO 3748 --- [restartedMain] o.hibernate.jpa.internal.util.LogHelper  : HHH000204: Processing PersistenceUnitInfo [name: default]
2020-09-10 11:59:33.880  INFO 3748 --- [restartedMain] org.hibernate.Version                    : HHH000412: Hibernate ORM core version 5.4.18.Final
2020-09-10 11:59:39.770  INFO 3748 --- [restartedMain] o.hibernate.annotations.common.Version   : HCANN000001: Hibernate Commons Annotations {5.1.0.Final}
2020-09-10 11:59:42.094  INFO 3748 --- [restartedMain] com.zaxxer.hikari.HikariDataSource       : HikariPool-1 - Starting...
2020-09-10 11:59:45.124  INFO 3748 --- [restartedMain] com.zaxxer.hikari.HikariDataSource       : HikariPool-1 - Start completed.
2020-09-10 11:59:45.263  INFO 3748 --- [restartedMain] org.hibernate.dialect.Dialect            : HHH000400: Using dialect: org.hibernate.dialect.MySQL57Dialect
2020-09-10 12:00:15.336  INFO 3748 --- [restartedMain] o.h.e.t.j.p.i.JtaPlatformInitiator       : HHH000490: Using JtaPlatform implementation: [org.hibernate.engine.transaction.jta.platform.internal.NoJtaPlatform]
2020-09-10 12:00:15.434  INFO 3748 --- [restartedMain] j.LocalContainerEntityManagerFactoryBean : Initialized JPA EntityManagerFactory for persistence unit 'default'
2020-09-10 12:00:17.961  INFO 3748 --- [restartedMain] o.s.b.d.a.OptionalLiveReloadServer       : LiveReload server is running on port 35729
2020-09-10 12:00:19.128  WARN 3748 --- [restartedMain] JpaBaseConfiguration$JpaWebConfiguration : spring.jpa.open-in-view is enabled by default. Therefore, database queries may be performed during view rendering. Explicitly configure spring.jpa.open-in-view to disable this warning
2020-09-10 12:00:35.324  INFO 3748 --- [restartedMain] o.s.s.web.DefaultSecurityFilterChain     : Creating filter chain: Ant [pattern='/adm/**'], [org.springframework.security.web.context.request.async.WebAsyncManagerIntegrationFilter@4912f9d0, org.springframework.security.web.context.SecurityContextPersistenceFilter@6999fd57, org.springframework.security.web.header.HeaderWriterFilter@2fc43ab1, org.springframework.security.web.authentication.logout.LogoutFilter@6162c78, org.springframework.security.web.authentication.www.BasicAuthenticationFilter@3e443ce0, org.springframework.security.web.savedrequest.RequestCacheAwareFilter@189df143, org.springframework.security.web.servletapi.SecurityContextHolderAwareRequestFilter@45ffacc, org.springframework.security.web.authentication.AnonymousAuthenticationFilter@542757be, org.springframework.security.web.session.SessionManagementFilter@23a059b7, org.springframework.security.web.access.ExceptionTranslationFilter@2c672b0c, org.springframework.security.web.access.intercept.FilterSecurityInterceptor@58642184]
2020-09-10 12:00:35.365  INFO 3748 --- [restartedMain] o.s.s.web.DefaultSecurityFilterChain     : Creating filter chain: Ant [pattern='/api/**'], [org.springframework.security.web.context.request.async.WebAsyncManagerIntegrationFilter@19defd98, org.springframework.security.web.context.SecurityContextPersistenceFilter@58144440, org.springframework.security.web.header.HeaderWriterFilter@57f8ea85, org.springframework.security.web.authentication.logout.LogoutFilter@56a79b99, org.springframework.security.oauth2.provider.authentication.OAuth2AuthenticationProcessingFilter@16991f9, org.springframework.security.web.savedrequest.RequestCacheAwareFilter@4ce8b49f, org.springframework.security.web.servletapi.SecurityContextHolderAwareRequestFilter@5c54d345, org.springframework.security.web.authentication.AnonymousAuthenticationFilter@2330ada5, org.springframework.security.web.session.SessionManagementFilter@42165b34, org.springframework.security.web.access.ExceptionTranslationFilter@7f2735e, org.springframework.security.web.access.intercept.FilterSecurityInterceptor@33c1700f]
2020-09-10 12:00:35.478  INFO 3748 --- [restartedMain] o.s.s.web.DefaultSecurityFilterChain     : Creating filter chain: Ant [pattern='/interconnect/**'], [org.springframework.security.web.context.request.async.WebAsyncManagerIntegrationFilter@a767911, org.springframework.security.web.context.SecurityContextPersistenceFilter@5a8c045, org.springframework.security.web.header.HeaderWriterFilter@643abbe8, org.springframework.security.web.authentication.logout.LogoutFilter@10cd0667, org.springframework.security.web.authentication.www.BasicAuthenticationFilter@4d143a31, org.springframework.security.web.savedrequest.RequestCacheAwareFilter@451312f5, org.springframework.security.web.servletapi.SecurityContextHolderAwareRequestFilter@74471444, org.springframework.security.web.authentication.AnonymousAuthenticationFilter@161d22b6, org.springframework.security.web.session.SessionManagementFilter@1b478072, org.springframework.security.web.access.ExceptionTranslationFilter@7636c9ac, org.springframework.security.web.access.intercept.FilterSecurityInterceptor@6432358e]
2020-09-10 12:00:35.582  WARN 3748 --- [restartedMain] ConfigServletWebServerApplicationContext : Exception encountered during context initialization - cancelling refresh attempt: org.springframework.beans.factory.BeanCreationException: Error creating bean with name '/interconnect/bookService' defined in class path resource [com/example/demo/configs/hessian/HessianConfig.class]: Bean instantiation via factory method failed; nested exception is org.springframework.beans.BeanInstantiationException: Failed to instantiate [org.springframework.remoting.support.RemoteExporter]: Factory method 'remoteExporter' threw exception; nested exception is java.lang.NoClassDefFoundError: com/caucho/hessian/io/SerializerFactory
2020-09-10 12:00:35.588  INFO 3748 --- [restartedMain] j.LocalContainerEntityManagerFactoryBean : Closing JPA EntityManagerFactory for persistence unit 'default'
2020-09-10 12:00:35.706  INFO 3748 --- [restartedMain] com.zaxxer.hikari.HikariDataSource       : HikariPool-1 - Shutdown initiated...
2020-09-10 12:00:35.960  INFO 3748 --- [restartedMain] com.zaxxer.hikari.HikariDataSource       : HikariPool-1 - Shutdown completed.
2020-09-10 12:00:36.032  INFO 3748 --- [restartedMain] o.apache.catalina.core.StandardService   : Stopping service [Tomcat]
2020-09-10 12:00:36.655  INFO 3748 --- [restartedMain] ConditionEvaluationReportLoggingListener : 

Error starting ApplicationContext. To display the conditions report re-run your application with 'debug' enabled.
2020-09-10 12:00:37.011 ERROR 3748 --- [restartedMain] o.s.boot.SpringApplication               : Application run failed

org.springframework.beans.factory.BeanCreationException: Error creating bean with name '/interconnect/bookService' defined in class path resource [com/example/demo/configs/hessian/HessianConfig.class]: Bean instantiation via factory method failed; nested exception is org.springframework.beans.BeanInstantiationException: Failed to instantiate [org.springframework.remoting.support.RemoteExporter]: Factory method 'remoteExporter' threw exception; nested exception is java.lang.NoClassDefFoundError: com/caucho/hessian/io/SerializerFactory
	at org.springframework.beans.factory.support.ConstructorResolver.instantiate(ConstructorResolver.java:655) ~[spring-beans-5.2.8.RELEASE.jar:5.2.8.RELEASE]
	at org.springframework.beans.factory.support.ConstructorResolver.instantiateUsingFactoryMethod(ConstructorResolver.java:483) ~[spring-beans-5.2.8.RELEASE.jar:5.2.8.RELEASE]
	at org.springframework.beans.factory.support.AbstractAutowireCapableBeanFactory.instantiateUsingFactoryMethod(AbstractAutowireCapableBeanFactory.java:1336) ~[spring-beans-5.2.8.RELEASE.jar:5.2.8.RELEASE]
	at org.springframework.beans.factory.support.AbstractAutowireCapableBeanFactory.createBeanInstance(AbstractAutowireCapableBeanFactory.java:1176) ~[spring-beans-5.2.8.RELEASE.jar:5.2.8.RELEASE]
	at org.springframework.beans.factory.support.AbstractAutowireCapableBeanFactory.doCreateBean(AbstractAutowireCapableBeanFactory.java:556) ~[spring-beans-5.2.8.RELEASE.jar:5.2.8.RELEASE]
	at org.springframework.beans.factory.support.AbstractAutowireCapableBeanFactory.createBean(AbstractAutowireCapableBeanFactory.java:516) ~[spring-beans-5.2.8.RELEASE.jar:5.2.8.RELEASE]
	at org.springframework.beans.factory.support.AbstractBeanFactory.lambda$doGetBean$0(AbstractBeanFactory.java:324) ~[spring-beans-5.2.8.RELEASE.jar:5.2.8.RELEASE]
	at org.springframework.beans.factory.support.DefaultSingletonBeanRegistry.getSingleton(DefaultSingletonBeanRegistry.java:226) ~[spring-beans-5.2.8.RELEASE.jar:5.2.8.RELEASE]
	at org.springframework.beans.factory.support.AbstractBeanFactory.doGetBean(AbstractBeanFactory.java:322) ~[spring-beans-5.2.8.RELEASE.jar:5.2.8.RELEASE]
	at org.springframework.beans.factory.support.AbstractBeanFactory.getBean(AbstractBeanFactory.java:202) ~[spring-beans-5.2.8.RELEASE.jar:5.2.8.RELEASE]
	at org.springframework.beans.factory.support.DefaultListableBeanFactory.preInstantiateSingletons(DefaultListableBeanFactory.java:897) ~[spring-beans-5.2.8.RELEASE.jar:5.2.8.RELEASE]
	at org.springframework.context.support.AbstractApplicationContext.finishBeanFactoryInitialization(AbstractApplicationContext.java:879) ~[spring-context-5.2.8.RELEASE.jar:5.2.8.RELEASE]
	at org.springframework.context.support.AbstractApplicationContext.refresh(AbstractApplicationContext.java:551) ~[spring-context-5.2.8.RELEASE.jar:5.2.8.RELEASE]
	at org.springframework.boot.web.servlet.context.ServletWebServerApplicationContext.refresh(ServletWebServerApplicationContext.java:143) ~[spring-boot-2.3.2.RELEASE.jar:2.3.2.RELEASE]
	at org.springframework.boot.SpringApplication.refresh(SpringApplication.java:758) [spring-boot-2.3.2.RELEASE.jar:2.3.2.RELEASE]
	at org.springframework.boot.SpringApplication.refresh(SpringApplication.java:750) [spring-boot-2.3.2.RELEASE.jar:2.3.2.RELEASE]
	at org.springframework.boot.SpringApplication.refreshContext(SpringApplication.java:397) [spring-boot-2.3.2.RELEASE.jar:2.3.2.RELEASE]
	at org.springframework.boot.SpringApplication.run(SpringApplication.java:315) [spring-boot-2.3.2.RELEASE.jar:2.3.2.RELEASE]
	at org.springframework.boot.SpringApplication.run(SpringApplication.java:1237) [spring-boot-2.3.2.RELEASE.jar:2.3.2.RELEASE]
	at org.springframework.boot.SpringApplication.run(SpringApplication.java:1226) [spring-boot-2.3.2.RELEASE.jar:2.3.2.RELEASE]
	at com.example.demo.DemoApplication.main(DemoApplication.java:27) [classes/:na]
	at sun.reflect.NativeMethodAccessorImpl.invoke0(Native Method) ~[na:1.8.0_251]
	at sun.reflect.NativeMethodAccessorImpl.invoke(NativeMethodAccessorImpl.java:62) ~[na:1.8.0_251]
	at sun.reflect.DelegatingMethodAccessorImpl.invoke(DelegatingMethodAccessorImpl.java:43) ~[na:1.8.0_251]
	at java.lang.reflect.Method.invoke(Method.java:498) ~[na:1.8.0_251]
	at org.springframework.boot.devtools.restart.RestartLauncher.run(RestartLauncher.java:49) [spring-boot-devtools-2.2.2.RELEASE.jar:2.2.2.RELEASE]
Caused by: org.springframework.beans.BeanInstantiationException: Failed to instantiate [org.springframework.remoting.support.RemoteExporter]: Factory method 'remoteExporter' threw exception; nested exception is java.lang.NoClassDefFoundError: com/caucho/hessian/io/SerializerFactory
	at org.springframework.beans.factory.support.SimpleInstantiationStrategy.instantiate(SimpleInstantiationStrategy.java:185) ~[spring-beans-5.2.8.RELEASE.jar:5.2.8.RELEASE]
	at org.springframework.beans.factory.support.ConstructorResolver.instantiate(ConstructorResolver.java:650) ~[spring-beans-5.2.8.RELEASE.jar:5.2.8.RELEASE]
	... 25 common frames omitted
Caused by: java.lang.NoClassDefFoundError: com/caucho/hessian/io/SerializerFactory
	at org.springframework.remoting.caucho.HessianExporter.<init>(HessianExporter.java:65) ~[spring-web-5.2.8.RELEASE.jar:5.2.8.RELEASE]
	at org.springframework.remoting.caucho.HessianServiceExporter.<init>(HessianServiceExporter.java:48) ~[spring-web-5.2.8.RELEASE.jar:5.2.8.RELEASE]
	at com.example.demo.configs.hessian.HessianConfig.remoteExporter(HessianConfig.java:18) ~[classes/:na]
	at com.example.demo.configs.hessian.HessianConfig$$EnhancerBySpringCGLIB$$946275a8.CGLIB$remoteExporter$0(<generated>) ~[classes/:na]
	at com.example.demo.configs.hessian.HessianConfig$$EnhancerBySpringCGLIB$$946275a8$$FastClassBySpringCGLIB$$2883c176.invoke(<generated>) ~[classes/:na]
	at org.springframework.cglib.proxy.MethodProxy.invokeSuper(MethodProxy.java:244) ~[spring-core-5.2.8.RELEASE.jar:5.2.8.RELEASE]
	at org.springframework.context.annotation.ConfigurationClassEnhancer$BeanMethodInterceptor.intercept(ConfigurationClassEnhancer.java:331) ~[spring-context-5.2.8.RELEASE.jar:5.2.8.RELEASE]
	at com.example.demo.configs.hessian.HessianConfig$$EnhancerBySpringCGLIB$$946275a8.remoteExporter(<generated>) ~[classes/:na]
	at sun.reflect.NativeMethodAccessorImpl.invoke0(Native Method) ~[na:1.8.0_251]
	at sun.reflect.NativeMethodAccessorImpl.invoke(NativeMethodAccessorImpl.java:62) ~[na:1.8.0_251]
	at sun.reflect.DelegatingMethodAccessorImpl.invoke(DelegatingMethodAccessorImpl.java:43) ~[na:1.8.0_251]
	at java.lang.reflect.Method.invoke(Method.java:498) ~[na:1.8.0_251]
	at org.springframework.beans.factory.support.SimpleInstantiationStrategy.instantiate(SimpleInstantiationStrategy.java:154) ~[spring-beans-5.2.8.RELEASE.jar:5.2.8.RELEASE]
	... 26 common frames omitted
Caused by: java.lang.ClassNotFoundException: com.caucho.hessian.io.SerializerFactory
	at java.net.URLClassLoader.findClass(URLClassLoader.java:382) ~[na:1.8.0_251]
	at java.lang.ClassLoader.loadClass(ClassLoader.java:418) ~[na:1.8.0_251]
	at sun.misc.Launcher$AppClassLoader.loadClass(Launcher.java:355) ~[na:1.8.0_251]
	at java.lang.ClassLoader.loadClass(ClassLoader.java:351) ~[na:1.8.0_251]
	... 39 common frames omitted

2020-09-10 12:06:47.215  INFO 6192 --- [restartedMain] com.example.demo.DemoApplication         : Starting DemoApplication on Asus with PID 6192 (C:\Users\User\IdeaProjects\springBootDemo\target\classes started by Grigor in C:\Users\User\IdeaProjects\springBootDemo)
2020-09-10 12:06:47.245  INFO 6192 --- [restartedMain] com.example.demo.DemoApplication         : No active profile set, falling back to default profiles: default
2020-09-10 12:06:47.421  INFO 6192 --- [restartedMain] .e.DevToolsPropertyDefaultsPostProcessor : Devtools property defaults active! Set 'spring.devtools.add-properties' to 'false' to disable
2020-09-10 12:06:47.421  INFO 6192 --- [restartedMain] .e.DevToolsPropertyDefaultsPostProcessor : For additional web related logging consider setting the 'logging.level.web' property to 'DEBUG'
2020-09-10 12:06:49.629  INFO 6192 --- [restartedMain] .s.d.r.c.RepositoryConfigurationDelegate : Bootstrapping Spring Data JPA repositories in DEFERRED mode.
2020-09-10 12:06:49.920  INFO 6192 --- [restartedMain] .s.d.r.c.RepositoryConfigurationDelegate : Finished Spring Data repository scanning in 248ms. Found 7 JPA repository interfaces.
2020-09-10 12:06:50.923  INFO 6192 --- [restartedMain] trationDelegate$BeanPostProcessorChecker : Bean 'org.springframework.security.access.expression.method.DefaultMethodSecurityExpressionHandler@7ce95307' of type [org.springframework.security.access.expression.method.DefaultMethodSecurityExpressionHandler] is not eligible for getting processed by all BeanPostProcessors (for example: not eligible for auto-proxying)
2020-09-10 12:06:50.958  INFO 6192 --- [restartedMain] trationDelegate$BeanPostProcessorChecker : Bean 'methodSecurityMetadataSource' of type [org.springframework.security.access.method.DelegatingMethodSecurityMetadataSource] is not eligible for getting processed by all BeanPostProcessors (for example: not eligible for auto-proxying)
2020-09-10 12:06:52.262  INFO 6192 --- [restartedMain] o.s.b.w.embedded.tomcat.TomcatWebServer  : Tomcat initialized with port(s): 8080 (http)
2020-09-10 12:06:52.315  INFO 6192 --- [restartedMain] o.apache.catalina.core.StandardService   : Starting service [Tomcat]
2020-09-10 12:06:52.317  INFO 6192 --- [restartedMain] org.apache.catalina.core.StandardEngine  : Starting Servlet engine: [Apache Tomcat/9.0.37]
2020-09-10 12:06:56.017  INFO 6192 --- [restartedMain] o.a.c.c.C.[Tomcat].[localhost].[/]       : Initializing Spring embedded WebApplicationContext
2020-09-10 12:06:56.019  INFO 6192 --- [restartedMain] w.s.c.ServletWebServerApplicationContext : Root WebApplicationContext: initialization completed in 8597 ms
2020-09-10 12:06:58.811  INFO 6192 --- [restartedMain] o.hibernate.jpa.internal.util.LogHelper  : HHH000204: Processing PersistenceUnitInfo [name: default]
2020-09-10 12:06:59.008  INFO 6192 --- [restartedMain] org.hibernate.Version                    : HHH000412: Hibernate ORM core version 5.4.18.Final
2020-09-10 12:06:59.574  INFO 6192 --- [restartedMain] o.hibernate.annotations.common.Version   : HCANN000001: Hibernate Commons Annotations {5.1.0.Final}
2020-09-10 12:07:00.188  INFO 6192 --- [restartedMain] com.zaxxer.hikari.HikariDataSource       : HikariPool-1 - Starting...
2020-09-10 12:07:03.140  INFO 6192 --- [restartedMain] com.zaxxer.hikari.HikariDataSource       : HikariPool-1 - Start completed.
2020-09-10 12:07:03.280  INFO 6192 --- [restartedMain] org.hibernate.dialect.Dialect            : HHH000400: Using dialect: org.hibernate.dialect.MySQL57Dialect
2020-09-10 12:07:09.357  INFO 6192 --- [restartedMain] o.h.e.t.j.p.i.JtaPlatformInitiator       : HHH000490: Using JtaPlatform implementation: [org.hibernate.engine.transaction.jta.platform.internal.NoJtaPlatform]
2020-09-10 12:07:09.391  INFO 6192 --- [restartedMain] j.LocalContainerEntityManagerFactoryBean : Initialized JPA EntityManagerFactory for persistence unit 'default'
2020-09-10 12:07:09.532  INFO 6192 --- [restartedMain] o.s.b.d.a.OptionalLiveReloadServer       : LiveReload server is running on port 35729
2020-09-10 12:07:09.706  WARN 6192 --- [restartedMain] JpaBaseConfiguration$JpaWebConfiguration : spring.jpa.open-in-view is enabled by default. Therefore, database queries may be performed during view rendering. Explicitly configure spring.jpa.open-in-view to disable this warning
2020-09-10 12:07:11.255  INFO 6192 --- [restartedMain] o.s.s.web.DefaultSecurityFilterChain     : Creating filter chain: Ant [pattern='/adm/**'], [org.springframework.security.web.context.request.async.WebAsyncManagerIntegrationFilter@786cd486, org.springframework.security.web.context.SecurityContextPersistenceFilter@1c36c018, org.springframework.security.web.header.HeaderWriterFilter@525c839, org.springframework.security.web.authentication.logout.LogoutFilter@5d93dab7, org.springframework.security.web.authentication.www.BasicAuthenticationFilter@5229e90, org.springframework.security.web.savedrequest.RequestCacheAwareFilter@39b88a1e, org.springframework.security.web.servletapi.SecurityContextHolderAwareRequestFilter@12401c28, org.springframework.security.web.authentication.AnonymousAuthenticationFilter@509e6d38, org.springframework.security.web.session.SessionManagementFilter@7e9e3d5e, org.springframework.security.web.access.ExceptionTranslationFilter@5d7bfd7f, org.springframework.security.web.access.intercept.FilterSecurityInterceptor@45fcb236]
2020-09-10 12:07:11.273  INFO 6192 --- [restartedMain] o.s.s.web.DefaultSecurityFilterChain     : Creating filter chain: Ant [pattern='/api/**'], [org.springframework.security.web.context.request.async.WebAsyncManagerIntegrationFilter@23862cd1, org.springframework.security.web.context.SecurityContextPersistenceFilter@1bd0b58b, org.springframework.security.web.header.HeaderWriterFilter@4c63e075, org.springframework.security.web.authentication.logout.LogoutFilter@4c3c7c29, org.springframework.security.oauth2.provider.authentication.OAuth2AuthenticationProcessingFilter@4405269f, org.springframework.security.web.savedrequest.RequestCacheAwareFilter@feb926a, org.springframework.security.web.servletapi.SecurityContextHolderAwareRequestFilter@5c58bbaa, org.springframework.security.web.authentication.AnonymousAuthenticationFilter@4226d329, org.springframework.security.web.session.SessionManagementFilter@32f78fea, org.springframework.security.web.access.ExceptionTranslationFilter@8738b90, org.springframework.security.web.access.intercept.FilterSecurityInterceptor@48a77f9f]
2020-09-10 12:07:11.282  INFO 6192 --- [restartedMain] o.s.s.web.DefaultSecurityFilterChain     : Creating filter chain: Ant [pattern='/interconnect/**'], [org.springframework.security.web.context.request.async.WebAsyncManagerIntegrationFilter@2304d512, org.springframework.security.web.context.SecurityContextPersistenceFilter@470af45c, org.springframework.security.web.header.HeaderWriterFilter@1644aca7, org.springframework.security.web.authentication.logout.LogoutFilter@62dc44c4, org.springframework.security.web.authentication.www.BasicAuthenticationFilter@1c3bf8f5, org.springframework.security.web.savedrequest.RequestCacheAwareFilter@67133143, org.springframework.security.web.servletapi.SecurityContextHolderAwareRequestFilter@54819892, org.springframework.security.web.authentication.AnonymousAuthenticationFilter@3e6ae862, org.springframework.security.web.session.SessionManagementFilter@62b88f65, org.springframework.security.web.access.ExceptionTranslationFilter@499d248a, org.springframework.security.web.access.intercept.FilterSecurityInterceptor@52e4b850]
2020-09-10 12:07:14.759  INFO 6192 --- [restartedMain] o.s.s.concurrent.ThreadPoolTaskExecutor  : Initializing ExecutorService 'taskExecutorUrgent'
2020-09-10 12:07:14.801  INFO 6192 --- [restartedMain] o.s.s.concurrent.ThreadPoolTaskExecutor  : Initializing ExecutorService 'fileMultipleUpload'
2020-09-10 12:07:18.776  INFO 6192 --- [restartedMain] o.s.b.w.embedded.tomcat.TomcatWebServer  : Tomcat started on port(s): 8080 (http) with context path ''
2020-09-10 12:07:18.779  INFO 6192 --- [restartedMain] DeferredRepositoryInitializationListener : Triggering deferred initialization of Spring Data repositories…
2020-09-10 12:07:19.597  INFO 6192 --- [restartedMain] DeferredRepositoryInitializationListener : Spring Data repositories initialized!
2020-09-10 12:07:19.687  INFO 6192 --- [restartedMain] com.example.demo.DemoApplication         : Started DemoApplication in 35.437 seconds (JVM running for 48.908)
2020-09-10 12:09:43.783  INFO 6192 --- [http-nio-8080-exec-2] o.a.c.c.C.[Tomcat].[localhost].[/]       : Initializing Spring DispatcherServlet 'dispatcherServlet'
2020-09-10 12:09:43.785  INFO 6192 --- [http-nio-8080-exec-2] o.s.web.servlet.DispatcherServlet        : Initializing Servlet 'dispatcherServlet'
2020-09-10 12:09:43.806  INFO 6192 --- [http-nio-8080-exec-2] o.s.web.servlet.DispatcherServlet        : Completed initialization in 20 ms
