2020-08-24 13:48:23.676  INFO 3856 --- [restartedMain] com.example.demo.DemoApplication         : Starting DemoApplication on Asus with PID 3856 (C:\Users\User\IdeaProjects\springBootDemo\target\classes started by Grigor in C:\Users\User\IdeaProjects\springBootDemo)
2020-08-24 13:48:23.686  INFO 3856 --- [restartedMain] com.example.demo.DemoApplication         : No active profile set, falling back to default profiles: default
2020-08-24 13:48:24.151  INFO 3856 --- [restartedMain] .e.DevToolsPropertyDefaultsPostProcessor : Devtools property defaults active! Set 'spring.devtools.add-properties' to 'false' to disable
2020-08-24 13:48:24.152  INFO 3856 --- [restartedMain] .e.DevToolsPropertyDefaultsPostProcessor : For additional web related logging consider setting the 'logging.level.web' property to 'DEBUG'
2020-08-24 13:48:29.752  INFO 3856 --- [restartedMain] .s.d.r.c.RepositoryConfigurationDelegate : Bootstrapping Spring Data JPA repositories in DEFERRED mode.
2020-08-24 13:48:30.018  INFO 3856 --- [restartedMain] .s.d.r.c.RepositoryConfigurationDelegate : Finished Spring Data repository scanning in 198ms. Found 6 JPA repository interfaces.
2020-08-24 13:48:32.260  INFO 3856 --- [restartedMain] trationDelegate$BeanPostProcessorChecker : Bean 'org.springframework.security.access.expression.method.DefaultMethodSecurityExpressionHandler@764debf5' of type [org.springframework.security.access.expression.method.DefaultMethodSecurityExpressionHandler] is not eligible for getting processed by all BeanPostProcessors (for example: not eligible for auto-proxying)
2020-08-24 13:48:32.289  INFO 3856 --- [restartedMain] trationDelegate$BeanPostProcessorChecker : Bean 'methodSecurityMetadataSource' of type [org.springframework.security.access.method.DelegatingMethodSecurityMetadataSource] is not eligible for getting processed by all BeanPostProcessors (for example: not eligible for auto-proxying)
2020-08-24 13:48:34.354  INFO 3856 --- [restartedMain] o.s.b.w.embedded.tomcat.TomcatWebServer  : Tomcat initialized with port(s): 8080 (http)
2020-08-24 13:48:34.413  INFO 3856 --- [restartedMain] o.apache.catalina.core.StandardService   : Starting service [Tomcat]
2020-08-24 13:48:34.414  INFO 3856 --- [restartedMain] org.apache.catalina.core.StandardEngine  : Starting Servlet engine: [Apache Tomcat/9.0.37]
2020-08-24 13:48:34.691  INFO 3856 --- [restartedMain] o.a.c.c.C.[Tomcat].[localhost].[/]       : Initializing Spring embedded WebApplicationContext
2020-08-24 13:48:34.693  INFO 3856 --- [restartedMain] w.s.c.ServletWebServerApplicationContext : Root WebApplicationContext: initialization completed in 10539 ms
2020-08-24 13:48:36.006  INFO 3856 --- [restartedMain] o.hibernate.jpa.internal.util.LogHelper  : HHH000204: Processing PersistenceUnitInfo [name: default]
2020-08-24 13:48:36.340  INFO 3856 --- [restartedMain] org.hibernate.Version                    : HHH000412: Hibernate ORM core version 5.4.18.Final
2020-08-24 13:48:36.812  INFO 3856 --- [restartedMain] o.hibernate.annotations.common.Version   : HCANN000001: Hibernate Commons Annotations {5.1.0.Final}
2020-08-24 13:48:37.293  INFO 3856 --- [restartedMain] com.zaxxer.hikari.HikariDataSource       : HikariPool-1 - Starting...
2020-08-24 13:48:37.761  INFO 3856 --- [restartedMain] com.zaxxer.hikari.HikariDataSource       : HikariPool-1 - Start completed.
2020-08-24 13:48:37.833  INFO 3856 --- [restartedMain] org.hibernate.dialect.Dialect            : HHH000400: Using dialect: org.hibernate.dialect.MySQL57Dialect
2020-08-24 13:48:40.747  INFO 3856 --- [restartedMain] o.h.e.t.j.p.i.JtaPlatformInitiator       : HHH000490: Using JtaPlatform implementation: [org.hibernate.engine.transaction.jta.platform.internal.NoJtaPlatform]
2020-08-24 13:48:40.780  INFO 3856 --- [restartedMain] j.LocalContainerEntityManagerFactoryBean : Initialized JPA EntityManagerFactory for persistence unit 'default'
2020-08-24 13:48:40.912  INFO 3856 --- [restartedMain] o.s.b.d.a.OptionalLiveReloadServer       : LiveReload server is running on port 35729
2020-08-24 13:48:41.034  WARN 3856 --- [restartedMain] JpaBaseConfiguration$JpaWebConfiguration : spring.jpa.open-in-view is enabled by default. Therefore, database queries may be performed during view rendering. Explicitly configure spring.jpa.open-in-view to disable this warning
2020-08-24 13:48:42.604  INFO 3856 --- [restartedMain] o.s.s.web.DefaultSecurityFilterChain     : Creating filter chain: Ant [pattern='/adm/**'], [org.springframework.security.web.context.request.async.WebAsyncManagerIntegrationFilter@627a7dc6, org.springframework.security.web.context.SecurityContextPersistenceFilter@2155dbd9, org.springframework.security.web.header.HeaderWriterFilter@13b1c129, org.springframework.security.web.authentication.logout.LogoutFilter@4ea3867b, org.springframework.security.web.authentication.www.BasicAuthenticationFilter@55464762, org.springframework.security.web.savedrequest.RequestCacheAwareFilter@2555619a, org.springframework.security.web.servletapi.SecurityContextHolderAwareRequestFilter@2216cfa1, org.springframework.security.web.authentication.AnonymousAuthenticationFilter@632980cd, org.springframework.security.web.session.SessionManagementFilter@5ed0f044, org.springframework.security.web.access.ExceptionTranslationFilter@326227b, org.springframework.security.web.access.intercept.FilterSecurityInterceptor@8e841e2]
2020-08-24 13:48:42.624  INFO 3856 --- [restartedMain] o.s.s.web.DefaultSecurityFilterChain     : Creating filter chain: Ant [pattern='/api/**'], [org.springframework.security.web.context.request.async.WebAsyncManagerIntegrationFilter@1eaa2b0b, org.springframework.security.web.context.SecurityContextPersistenceFilter@6df018e3, org.springframework.security.web.header.HeaderWriterFilter@43c2da39, org.springframework.security.web.authentication.logout.LogoutFilter@6b3bc943, org.springframework.security.oauth2.provider.authentication.OAuth2AuthenticationProcessingFilter@549d8f44, org.springframework.security.web.savedrequest.RequestCacheAwareFilter@2bc16d39, org.springframework.security.web.servletapi.SecurityContextHolderAwareRequestFilter@7e07696a, org.springframework.security.web.authentication.AnonymousAuthenticationFilter@fe73066, org.springframework.security.web.session.SessionManagementFilter@1cac9640, org.springframework.security.web.access.ExceptionTranslationFilter@24cc576b, org.springframework.security.web.access.intercept.FilterSecurityInterceptor@18ec585]
2020-08-24 13:48:42.643  INFO 3856 --- [restartedMain] o.s.s.web.DefaultSecurityFilterChain     : Creating filter chain: Ant [pattern='/interconnect/**'], [org.springframework.security.web.context.request.async.WebAsyncManagerIntegrationFilter@2dc04998, org.springframework.security.web.context.SecurityContextPersistenceFilter@1c9cc6c1, org.springframework.security.web.header.HeaderWriterFilter@1852f33e, org.springframework.security.web.authentication.logout.LogoutFilter@b37a9ba, org.springframework.security.web.authentication.www.BasicAuthenticationFilter@49c747ff, org.springframework.security.web.savedrequest.RequestCacheAwareFilter@2fddbdee, org.springframework.security.web.servletapi.SecurityContextHolderAwareRequestFilter@20197028, org.springframework.security.web.authentication.AnonymousAuthenticationFilter@44b99661, org.springframework.security.web.session.SessionManagementFilter@276ec82a, org.springframework.security.web.access.ExceptionTranslationFilter@ea7bab6, org.springframework.security.web.access.intercept.FilterSecurityInterceptor@2847c051]
2020-08-24 13:48:43.165  INFO 3856 --- [restartedMain] o.s.s.concurrent.ThreadPoolTaskExecutor  : Initializing ExecutorService 'taskExecutorUrgent'
2020-08-24 13:48:43.175  INFO 3856 --- [restartedMain] o.s.s.concurrent.ThreadPoolTaskExecutor  : Initializing ExecutorService 'fileMultipleUpload'
2020-08-24 13:48:47.196  INFO 3856 --- [restartedMain] o.s.b.w.embedded.tomcat.TomcatWebServer  : Tomcat started on port(s): 8080 (http) with context path ''
2020-08-24 13:48:47.200  INFO 3856 --- [restartedMain] DeferredRepositoryInitializationListener : Triggering deferred initialization of Spring Data repositories…
2020-08-24 13:48:48.486  INFO 3856 --- [restartedMain] DeferredRepositoryInitializationListener : Spring Data repositories initialized!
2020-08-24 13:48:48.534  INFO 3856 --- [restartedMain] com.example.demo.DemoApplication         : Started DemoApplication in 28.815 seconds (JVM running for 36.808)
2020-08-24 13:49:24.539  INFO 5872 --- [restartedMain] com.example.demo.DemoApplication         : Starting DemoApplication on Asus with PID 5872 (C:\Users\User\IdeaProjects\springBootDemo\target\classes started by Grigor in C:\Users\User\IdeaProjects\springBootDemo)
2020-08-24 13:49:24.544  INFO 5872 --- [restartedMain] com.example.demo.DemoApplication         : No active profile set, falling back to default profiles: default
2020-08-24 13:49:24.622  INFO 5872 --- [restartedMain] .e.DevToolsPropertyDefaultsPostProcessor : Devtools property defaults active! Set 'spring.devtools.add-properties' to 'false' to disable
2020-08-24 13:49:24.623  INFO 5872 --- [restartedMain] .e.DevToolsPropertyDefaultsPostProcessor : For additional web related logging consider setting the 'logging.level.web' property to 'DEBUG'
2020-08-24 13:49:26.018  INFO 5872 --- [restartedMain] .s.d.r.c.RepositoryConfigurationDelegate : Bootstrapping Spring Data JPA repositories in DEFERRED mode.
2020-08-24 13:49:26.184  INFO 5872 --- [restartedMain] .s.d.r.c.RepositoryConfigurationDelegate : Finished Spring Data repository scanning in 151ms. Found 6 JPA repository interfaces.
2020-08-24 13:49:27.024  INFO 5872 --- [restartedMain] trationDelegate$BeanPostProcessorChecker : Bean 'org.springframework.security.access.expression.method.DefaultMethodSecurityExpressionHandler@124e7aa4' of type [org.springframework.security.access.expression.method.DefaultMethodSecurityExpressionHandler] is not eligible for getting processed by all BeanPostProcessors (for example: not eligible for auto-proxying)
2020-08-24 13:49:27.043  INFO 5872 --- [restartedMain] trationDelegate$BeanPostProcessorChecker : Bean 'methodSecurityMetadataSource' of type [org.springframework.security.access.method.DelegatingMethodSecurityMetadataSource] is not eligible for getting processed by all BeanPostProcessors (for example: not eligible for auto-proxying)
2020-08-24 13:49:27.616  INFO 5872 --- [restartedMain] o.s.b.w.embedded.tomcat.TomcatWebServer  : Tomcat initialized with port(s): 8080 (http)
2020-08-24 13:49:27.630  INFO 5872 --- [restartedMain] o.apache.catalina.core.StandardService   : Starting service [Tomcat]
2020-08-24 13:49:27.631  INFO 5872 --- [restartedMain] org.apache.catalina.core.StandardEngine  : Starting Servlet engine: [Apache Tomcat/9.0.37]
2020-08-24 13:49:27.786  INFO 5872 --- [restartedMain] o.a.c.c.C.[Tomcat].[localhost].[/]       : Initializing Spring embedded WebApplicationContext
2020-08-24 13:49:27.787  INFO 5872 --- [restartedMain] w.s.c.ServletWebServerApplicationContext : Root WebApplicationContext: initialization completed in 3164 ms
2020-08-24 13:49:28.160  INFO 5872 --- [restartedMain] o.hibernate.jpa.internal.util.LogHelper  : HHH000204: Processing PersistenceUnitInfo [name: default]
2020-08-24 13:49:28.228  INFO 5872 --- [restartedMain] org.hibernate.Version                    : HHH000412: Hibernate ORM core version 5.4.18.Final
2020-08-24 13:49:28.424  INFO 5872 --- [restartedMain] o.hibernate.annotations.common.Version   : HCANN000001: Hibernate Commons Annotations {5.1.0.Final}
2020-08-24 13:49:28.817  INFO 5872 --- [restartedMain] com.zaxxer.hikari.HikariDataSource       : HikariPool-1 - Starting...
2020-08-24 13:49:29.097  INFO 5872 --- [restartedMain] com.zaxxer.hikari.HikariDataSource       : HikariPool-1 - Start completed.
2020-08-24 13:49:29.129  INFO 5872 --- [restartedMain] org.hibernate.dialect.Dialect            : HHH000400: Using dialect: org.hibernate.dialect.MySQL57Dialect
2020-08-24 13:49:30.565  INFO 5872 --- [restartedMain] o.h.e.t.j.p.i.JtaPlatformInitiator       : HHH000490: Using JtaPlatform implementation: [org.hibernate.engine.transaction.jta.platform.internal.NoJtaPlatform]
2020-08-24 13:49:30.578  INFO 5872 --- [restartedMain] j.LocalContainerEntityManagerFactoryBean : Initialized JPA EntityManagerFactory for persistence unit 'default'
2020-08-24 13:49:30.661  INFO 5872 --- [restartedMain] o.s.b.d.a.OptionalLiveReloadServer       : LiveReload server is running on port 35729
2020-08-24 13:49:30.754  WARN 5872 --- [restartedMain] JpaBaseConfiguration$JpaWebConfiguration : spring.jpa.open-in-view is enabled by default. Therefore, database queries may be performed during view rendering. Explicitly configure spring.jpa.open-in-view to disable this warning
2020-08-24 13:49:31.675  INFO 5872 --- [restartedMain] o.s.s.web.DefaultSecurityFilterChain     : Creating filter chain: Ant [pattern='/adm/**'], [org.springframework.security.web.context.request.async.WebAsyncManagerIntegrationFilter@1b4a7134, org.springframework.security.web.context.SecurityContextPersistenceFilter@3815a703, org.springframework.security.web.header.HeaderWriterFilter@50911b98, org.springframework.security.web.authentication.logout.LogoutFilter@60671d86, org.springframework.security.web.authentication.www.BasicAuthenticationFilter@2e4a451c, org.springframework.security.web.savedrequest.RequestCacheAwareFilter@47f7c071, org.springframework.security.web.servletapi.SecurityContextHolderAwareRequestFilter@78eb201e, org.springframework.security.web.authentication.AnonymousAuthenticationFilter@2f7ca732, org.springframework.security.web.session.SessionManagementFilter@25e9d68d, org.springframework.security.web.access.ExceptionTranslationFilter@305fcc73, org.springframework.security.web.access.intercept.FilterSecurityInterceptor@2dd2f6b9]
2020-08-24 13:49:31.695  INFO 5872 --- [restartedMain] o.s.s.web.DefaultSecurityFilterChain     : Creating filter chain: Ant [pattern='/api/**'], [org.springframework.security.web.context.request.async.WebAsyncManagerIntegrationFilter@773360c0, org.springframework.security.web.context.SecurityContextPersistenceFilter@47678a40, org.springframework.security.web.header.HeaderWriterFilter@2bf0c2fe, org.springframework.security.web.authentication.logout.LogoutFilter@2ed31fda, org.springframework.security.oauth2.provider.authentication.OAuth2AuthenticationProcessingFilter@4cafc5c4, org.springframework.security.web.savedrequest.RequestCacheAwareFilter@31186a3e, org.springframework.security.web.servletapi.SecurityContextHolderAwareRequestFilter@1c52a9d1, org.springframework.security.web.authentication.AnonymousAuthenticationFilter@4380d88f, org.springframework.security.web.session.SessionManagementFilter@423166ee, org.springframework.security.web.access.ExceptionTranslationFilter@4146f9f3, org.springframework.security.web.access.intercept.FilterSecurityInterceptor@ff3efd0]
2020-08-24 13:49:31.705  INFO 5872 --- [restartedMain] o.s.s.web.DefaultSecurityFilterChain     : Creating filter chain: Ant [pattern='/interconnect/**'], [org.springframework.security.web.context.request.async.WebAsyncManagerIntegrationFilter@413dd63, org.springframework.security.web.context.SecurityContextPersistenceFilter@46b5deb3, org.springframework.security.web.header.HeaderWriterFilter@1dbe909d, org.springframework.security.web.authentication.logout.LogoutFilter@23b55d27, org.springframework.security.web.authentication.www.BasicAuthenticationFilter@588f849d, org.springframework.security.web.savedrequest.RequestCacheAwareFilter@43a70cc0, org.springframework.security.web.servletapi.SecurityContextHolderAwareRequestFilter@2af45651, org.springframework.security.web.authentication.AnonymousAuthenticationFilter@3733915e, org.springframework.security.web.session.SessionManagementFilter@480521a7, org.springframework.security.web.access.ExceptionTranslationFilter@45f80de8, org.springframework.security.web.access.intercept.FilterSecurityInterceptor@5c32b0e9]
2020-08-24 13:49:31.922  INFO 5872 --- [restartedMain] o.s.s.concurrent.ThreadPoolTaskExecutor  : Initializing ExecutorService 'taskExecutorUrgent'
2020-08-24 13:49:31.934  INFO 5872 --- [restartedMain] o.s.s.concurrent.ThreadPoolTaskExecutor  : Initializing ExecutorService 'fileMultipleUpload'
2020-08-24 13:49:32.591  INFO 5872 --- [restartedMain] o.s.b.w.embedded.tomcat.TomcatWebServer  : Tomcat started on port(s): 8080 (http) with context path ''
2020-08-24 13:49:32.594  INFO 5872 --- [restartedMain] DeferredRepositoryInitializationListener : Triggering deferred initialization of Spring Data repositories…
2020-08-24 13:49:33.380  INFO 5872 --- [restartedMain] DeferredRepositoryInitializationListener : Spring Data repositories initialized!
2020-08-24 13:49:33.396  INFO 5872 --- [restartedMain] com.example.demo.DemoApplication         : Started DemoApplication in 9.52 seconds (JVM running for 15.298)
2020-08-24 13:54:16.874  INFO 5872 --- [http-nio-8080-exec-1] o.a.c.c.C.[Tomcat].[localhost].[/]       : Initializing Spring DispatcherServlet 'dispatcherServlet'
2020-08-24 13:54:17.079  INFO 5872 --- [http-nio-8080-exec-1] o.s.web.servlet.DispatcherServlet        : Initializing Servlet 'dispatcherServlet'
2020-08-24 13:54:19.969  INFO 5872 --- [http-nio-8080-exec-1] o.s.web.servlet.DispatcherServlet        : Completed initialization in 2854 ms
2020-08-24 13:54:22.550  INFO 5872 --- [http-nio-8080-exec-1] c.e.d.c.a.ExceptionToStatusConverter     : >>>Current request is not a multipart request:
2020-08-24 13:54:23.579  WARN 5872 --- [http-nio-8080-exec-1] .m.m.a.ExceptionHandlerExceptionResolver : Resolved [org.springframework.web.multipart.MultipartException: Current request is not a multipart request]
2020-08-24 13:55:44.376  INFO 5872 --- [http-nio-8080-exec-2] c.e.d.c.a.ExceptionToStatusConverter     : >>>Current request is not a multipart request:
2020-08-24 13:55:44.425  WARN 5872 --- [http-nio-8080-exec-2] .m.m.a.ExceptionHandlerExceptionResolver : Resolved [org.springframework.web.multipart.MultipartException: Current request is not a multipart request]
2020-08-24 13:58:31.223  INFO 6680 --- [restartedMain] com.example.demo.DemoApplication         : Starting DemoApplication on Asus with PID 6680 (C:\Users\User\IdeaProjects\springBootDemo\target\classes started by Grigor in C:\Users\User\IdeaProjects\springBootDemo)
2020-08-24 13:58:31.231  INFO 6680 --- [restartedMain] com.example.demo.DemoApplication         : No active profile set, falling back to default profiles: default
2020-08-24 13:58:31.393  INFO 6680 --- [restartedMain] .e.DevToolsPropertyDefaultsPostProcessor : Devtools property defaults active! Set 'spring.devtools.add-properties' to 'false' to disable
2020-08-24 13:58:31.394  INFO 6680 --- [restartedMain] .e.DevToolsPropertyDefaultsPostProcessor : For additional web related logging consider setting the 'logging.level.web' property to 'DEBUG'
2020-08-24 13:58:36.779  INFO 6680 --- [restartedMain] .s.d.r.c.RepositoryConfigurationDelegate : Bootstrapping Spring Data JPA repositories in DEFERRED mode.
2020-08-24 13:58:37.061  INFO 6680 --- [restartedMain] .s.d.r.c.RepositoryConfigurationDelegate : Finished Spring Data repository scanning in 230ms. Found 6 JPA repository interfaces.
2020-08-24 13:58:38.199  INFO 6680 --- [restartedMain] trationDelegate$BeanPostProcessorChecker : Bean 'org.springframework.security.access.expression.method.DefaultMethodSecurityExpressionHandler@1bc1c3ba' of type [org.springframework.security.access.expression.method.DefaultMethodSecurityExpressionHandler] is not eligible for getting processed by all BeanPostProcessors (for example: not eligible for auto-proxying)
2020-08-24 13:58:38.230  INFO 6680 --- [restartedMain] trationDelegate$BeanPostProcessorChecker : Bean 'methodSecurityMetadataSource' of type [org.springframework.security.access.method.DelegatingMethodSecurityMetadataSource] is not eligible for getting processed by all BeanPostProcessors (for example: not eligible for auto-proxying)
2020-08-24 13:58:40.413  INFO 6680 --- [restartedMain] o.s.b.w.embedded.tomcat.TomcatWebServer  : Tomcat initialized with port(s): 8080 (http)
2020-08-24 13:58:40.474  INFO 6680 --- [restartedMain] o.apache.catalina.core.StandardService   : Starting service [Tomcat]
2020-08-24 13:58:40.477  INFO 6680 --- [restartedMain] org.apache.catalina.core.StandardEngine  : Starting Servlet engine: [Apache Tomcat/9.0.37]
2020-08-24 13:58:41.136  INFO 6680 --- [restartedMain] o.a.c.c.C.[Tomcat].[localhost].[/]       : Initializing Spring embedded WebApplicationContext
2020-08-24 13:58:41.137  INFO 6680 --- [restartedMain] w.s.c.ServletWebServerApplicationContext : Root WebApplicationContext: initialization completed in 9742 ms
2020-08-24 13:58:41.762  INFO 6680 --- [restartedMain] o.hibernate.jpa.internal.util.LogHelper  : HHH000204: Processing PersistenceUnitInfo [name: default]
2020-08-24 13:58:41.908  INFO 6680 --- [restartedMain] org.hibernate.Version                    : HHH000412: Hibernate ORM core version 5.4.18.Final
2020-08-24 13:58:42.433  INFO 6680 --- [restartedMain] o.hibernate.annotations.common.Version   : HCANN000001: Hibernate Commons Annotations {5.1.0.Final}
2020-08-24 13:58:46.922  INFO 6680 --- [restartedMain] com.zaxxer.hikari.HikariDataSource       : HikariPool-1 - Starting...
2020-08-24 13:58:47.693  INFO 6680 --- [restartedMain] com.zaxxer.hikari.HikariDataSource       : HikariPool-1 - Start completed.
2020-08-24 13:58:47.832  INFO 6680 --- [restartedMain] org.hibernate.dialect.Dialect            : HHH000400: Using dialect: org.hibernate.dialect.MySQL57Dialect
2020-08-24 13:58:50.408  INFO 6680 --- [restartedMain] o.h.e.t.j.p.i.JtaPlatformInitiator       : HHH000490: Using JtaPlatform implementation: [org.hibernate.engine.transaction.jta.platform.internal.NoJtaPlatform]
2020-08-24 13:58:50.443  INFO 6680 --- [restartedMain] j.LocalContainerEntityManagerFactoryBean : Initialized JPA EntityManagerFactory for persistence unit 'default'
2020-08-24 13:58:50.577  INFO 6680 --- [restartedMain] o.s.b.d.a.OptionalLiveReloadServer       : LiveReload server is running on port 35729
2020-08-24 13:58:50.674  WARN 6680 --- [restartedMain] JpaBaseConfiguration$JpaWebConfiguration : spring.jpa.open-in-view is enabled by default. Therefore, database queries may be performed during view rendering. Explicitly configure spring.jpa.open-in-view to disable this warning
2020-08-24 13:58:52.171  INFO 6680 --- [restartedMain] o.s.s.web.DefaultSecurityFilterChain     : Creating filter chain: Ant [pattern='/adm/**'], [org.springframework.security.web.context.request.async.WebAsyncManagerIntegrationFilter@7097485d, org.springframework.security.web.context.SecurityContextPersistenceFilter@2dcdd114, org.springframework.security.web.header.HeaderWriterFilter@76909f6, org.springframework.security.web.authentication.logout.LogoutFilter@5d9f17f2, org.springframework.security.web.authentication.www.BasicAuthenticationFilter@37031781, org.springframework.security.web.savedrequest.RequestCacheAwareFilter@19bda7d2, org.springframework.security.web.servletapi.SecurityContextHolderAwareRequestFilter@640c1f7b, org.springframework.security.web.authentication.AnonymousAuthenticationFilter@26f4f9f7, org.springframework.security.web.session.SessionManagementFilter@7e60c6fd, org.springframework.security.web.access.ExceptionTranslationFilter@34e96e48, org.springframework.security.web.access.intercept.FilterSecurityInterceptor@38c12bdd]
2020-08-24 13:58:52.193  INFO 6680 --- [restartedMain] o.s.s.web.DefaultSecurityFilterChain     : Creating filter chain: Ant [pattern='/api/**'], [org.springframework.security.web.context.request.async.WebAsyncManagerIntegrationFilter@1a053a0d, org.springframework.security.web.context.SecurityContextPersistenceFilter@2dc21507, org.springframework.security.web.header.HeaderWriterFilter@4bbf15d3, org.springframework.security.web.authentication.logout.LogoutFilter@1c5a5620, org.springframework.security.oauth2.provider.authentication.OAuth2AuthenticationProcessingFilter@85e1621, org.springframework.security.web.savedrequest.RequestCacheAwareFilter@1603b44b, org.springframework.security.web.servletapi.SecurityContextHolderAwareRequestFilter@25a12ad5, org.springframework.security.web.authentication.AnonymousAuthenticationFilter@536261c8, org.springframework.security.web.session.SessionManagementFilter@16724b49, org.springframework.security.web.access.ExceptionTranslationFilter@438f0eaa, org.springframework.security.web.access.intercept.FilterSecurityInterceptor@6a77fb09]
2020-08-24 13:58:52.234  INFO 6680 --- [restartedMain] o.s.s.web.DefaultSecurityFilterChain     : Creating filter chain: Ant [pattern='/interconnect/**'], [org.springframework.security.web.context.request.async.WebAsyncManagerIntegrationFilter@6ff49d90, org.springframework.security.web.context.SecurityContextPersistenceFilter@76073f8e, org.springframework.security.web.header.HeaderWriterFilter@6956f28e, org.springframework.security.web.authentication.logout.LogoutFilter@6ea7463f, org.springframework.security.web.authentication.www.BasicAuthenticationFilter@1c14035b, org.springframework.security.web.savedrequest.RequestCacheAwareFilter@10cc51a9, org.springframework.security.web.servletapi.SecurityContextHolderAwareRequestFilter@4ed003bc, org.springframework.security.web.authentication.AnonymousAuthenticationFilter@63ccd397, org.springframework.security.web.session.SessionManagementFilter@17af107a, org.springframework.security.web.access.ExceptionTranslationFilter@66c01daa, org.springframework.security.web.access.intercept.FilterSecurityInterceptor@4fcf097]
2020-08-24 13:58:56.507  INFO 6680 --- [restartedMain] o.s.s.concurrent.ThreadPoolTaskExecutor  : Initializing ExecutorService 'taskExecutorUrgent'
2020-08-24 13:58:56.522  INFO 6680 --- [restartedMain] o.s.s.concurrent.ThreadPoolTaskExecutor  : Initializing ExecutorService 'fileMultipleUpload'
2020-08-24 13:58:57.927  INFO 6680 --- [restartedMain] o.s.b.w.embedded.tomcat.TomcatWebServer  : Tomcat started on port(s): 8080 (http) with context path ''
2020-08-24 13:58:57.931  INFO 6680 --- [restartedMain] DeferredRepositoryInitializationListener : Triggering deferred initialization of Spring Data repositories…
2020-08-24 13:58:59.209  INFO 6680 --- [restartedMain] DeferredRepositoryInitializationListener : Spring Data repositories initialized!
2020-08-24 13:58:59.311  INFO 6680 --- [restartedMain] com.example.demo.DemoApplication         : Started DemoApplication in 33.716 seconds (JVM running for 43.662)
2020-08-24 13:59:12.261  INFO 6680 --- [http-nio-8080-exec-1] o.a.c.c.C.[Tomcat].[localhost].[/]       : Initializing Spring DispatcherServlet 'dispatcherServlet'
2020-08-24 13:59:12.266  INFO 6680 --- [http-nio-8080-exec-1] o.s.web.servlet.DispatcherServlet        : Initializing Servlet 'dispatcherServlet'
2020-08-24 13:59:12.302  INFO 6680 --- [http-nio-8080-exec-1] o.s.web.servlet.DispatcherServlet        : Completed initialization in 33 ms
2020-08-24 13:59:12.738  INFO 6680 --- [http-nio-8080-exec-1] c.e.d.c.a.ExceptionToStatusConverter     : >>>Current request is not a multipart request:
2020-08-24 13:59:13.430  WARN 6680 --- [http-nio-8080-exec-1] .m.m.a.ExceptionHandlerExceptionResolver : Resolved [org.springframework.web.multipart.MultipartException: Current request is not a multipart request]
2020-08-24 13:59:28.892  INFO 6680 --- [http-nio-8080-exec-2] c.e.d.c.a.ExceptionToStatusConverter     : >>>Current request is not a multipart request:
2020-08-24 13:59:28.902  WARN 6680 --- [http-nio-8080-exec-2] .m.m.a.ExceptionHandlerExceptionResolver : Resolved [org.springframework.web.multipart.MultipartException: Current request is not a multipart request]
2020-08-24 14:04:52.812  INFO 6612 --- [restartedMain] com.example.demo.DemoApplication         : Starting DemoApplication on Asus with PID 6612 (C:\Users\User\IdeaProjects\springBootDemo\target\classes started by Grigor in C:\Users\User\IdeaProjects\springBootDemo)
2020-08-24 14:04:52.818  INFO 6612 --- [restartedMain] com.example.demo.DemoApplication         : No active profile set, falling back to default profiles: default
2020-08-24 14:04:52.910  INFO 6612 --- [restartedMain] .e.DevToolsPropertyDefaultsPostProcessor : Devtools property defaults active! Set 'spring.devtools.add-properties' to 'false' to disable
2020-08-24 14:04:52.911  INFO 6612 --- [restartedMain] .e.DevToolsPropertyDefaultsPostProcessor : For additional web related logging consider setting the 'logging.level.web' property to 'DEBUG'
2020-08-24 14:04:55.677  INFO 6612 --- [restartedMain] .s.d.r.c.RepositoryConfigurationDelegate : Bootstrapping Spring Data JPA repositories in DEFERRED mode.
2020-08-24 14:04:55.887  INFO 6612 --- [restartedMain] .s.d.r.c.RepositoryConfigurationDelegate : Finished Spring Data repository scanning in 196ms. Found 6 JPA repository interfaces.
2020-08-24 14:04:56.819  INFO 6612 --- [restartedMain] trationDelegate$BeanPostProcessorChecker : Bean 'org.springframework.security.access.expression.method.DefaultMethodSecurityExpressionHandler@73c17f72' of type [org.springframework.security.access.expression.method.DefaultMethodSecurityExpressionHandler] is not eligible for getting processed by all BeanPostProcessors (for example: not eligible for auto-proxying)
2020-08-24 14:04:56.842  INFO 6612 --- [restartedMain] trationDelegate$BeanPostProcessorChecker : Bean 'methodSecurityMetadataSource' of type [org.springframework.security.access.method.DelegatingMethodSecurityMetadataSource] is not eligible for getting processed by all BeanPostProcessors (for example: not eligible for auto-proxying)
2020-08-24 14:04:58.326  INFO 6612 --- [restartedMain] o.s.b.w.embedded.tomcat.TomcatWebServer  : Tomcat initialized with port(s): 8080 (http)
2020-08-24 14:04:58.358  INFO 6612 --- [restartedMain] o.apache.catalina.core.StandardService   : Starting service [Tomcat]
2020-08-24 14:04:58.359  INFO 6612 --- [restartedMain] org.apache.catalina.core.StandardEngine  : Starting Servlet engine: [Apache Tomcat/9.0.37]
2020-08-24 14:04:58.626  INFO 6612 --- [restartedMain] o.a.c.c.C.[Tomcat].[localhost].[/]       : Initializing Spring embedded WebApplicationContext
2020-08-24 14:04:58.627  INFO 6612 --- [restartedMain] w.s.c.ServletWebServerApplicationContext : Root WebApplicationContext: initialization completed in 5715 ms
2020-08-24 14:04:59.932  INFO 6612 --- [restartedMain] o.hibernate.jpa.internal.util.LogHelper  : HHH000204: Processing PersistenceUnitInfo [name: default]
2020-08-24 14:05:00.582  INFO 6612 --- [restartedMain] org.hibernate.Version                    : HHH000412: Hibernate ORM core version 5.4.18.Final
2020-08-24 14:05:02.063  INFO 6612 --- [restartedMain] o.hibernate.annotations.common.Version   : HCANN000001: Hibernate Commons Annotations {5.1.0.Final}
2020-08-24 14:05:02.615  INFO 6612 --- [restartedMain] com.zaxxer.hikari.HikariDataSource       : HikariPool-1 - Starting...
2020-08-24 14:05:03.010  INFO 6612 --- [restartedMain] com.zaxxer.hikari.HikariDataSource       : HikariPool-1 - Start completed.
2020-08-24 14:05:03.069  INFO 6612 --- [restartedMain] org.hibernate.dialect.Dialect            : HHH000400: Using dialect: org.hibernate.dialect.MySQL57Dialect
2020-08-24 14:05:16.636  INFO 6612 --- [restartedMain] o.h.e.t.j.p.i.JtaPlatformInitiator       : HHH000490: Using JtaPlatform implementation: [org.hibernate.engine.transaction.jta.platform.internal.NoJtaPlatform]
2020-08-24 14:05:16.701  INFO 6612 --- [restartedMain] j.LocalContainerEntityManagerFactoryBean : Initialized JPA EntityManagerFactory for persistence unit 'default'
2020-08-24 14:05:16.899  INFO 6612 --- [restartedMain] o.s.b.d.a.OptionalLiveReloadServer       : LiveReload server is running on port 35729
2020-08-24 14:05:16.998  WARN 6612 --- [restartedMain] JpaBaseConfiguration$JpaWebConfiguration : spring.jpa.open-in-view is enabled by default. Therefore, database queries may be performed during view rendering. Explicitly configure spring.jpa.open-in-view to disable this warning
2020-08-24 14:05:23.773  INFO 6612 --- [restartedMain] o.s.s.web.DefaultSecurityFilterChain     : Creating filter chain: Ant [pattern='/adm/**'], [org.springframework.security.web.context.request.async.WebAsyncManagerIntegrationFilter@6a0dcc9, org.springframework.security.web.context.SecurityContextPersistenceFilter@549524aa, org.springframework.security.web.header.HeaderWriterFilter@1855acac, org.springframework.security.web.authentication.logout.LogoutFilter@499afa8e, org.springframework.security.web.authentication.www.BasicAuthenticationFilter@335706ca, org.springframework.security.web.savedrequest.RequestCacheAwareFilter@4eaaba9a, org.springframework.security.web.servletapi.SecurityContextHolderAwareRequestFilter@2826d09e, org.springframework.security.web.authentication.AnonymousAuthenticationFilter@c8c95dd, org.springframework.security.web.session.SessionManagementFilter@5c3451c2, org.springframework.security.web.access.ExceptionTranslationFilter@68a1732, org.springframework.security.web.access.intercept.FilterSecurityInterceptor@7784fd01]
2020-08-24 14:05:23.885  INFO 6612 --- [restartedMain] o.s.s.web.DefaultSecurityFilterChain     : Creating filter chain: Ant [pattern='/api/**'], [org.springframework.security.web.context.request.async.WebAsyncManagerIntegrationFilter@5b095237, org.springframework.security.web.context.SecurityContextPersistenceFilter@7851aaa3, org.springframework.security.web.header.HeaderWriterFilter@57e83ccb, org.springframework.security.web.authentication.logout.LogoutFilter@a2e888d, org.springframework.security.oauth2.provider.authentication.OAuth2AuthenticationProcessingFilter@2b07577e, org.springframework.security.web.savedrequest.RequestCacheAwareFilter@1fcafd6, org.springframework.security.web.servletapi.SecurityContextHolderAwareRequestFilter@17e4c546, org.springframework.security.web.authentication.AnonymousAuthenticationFilter@75fcc76a, org.springframework.security.web.session.SessionManagementFilter@b7c75e8, org.springframework.security.web.access.ExceptionTranslationFilter@7761d6a1, org.springframework.security.web.access.intercept.FilterSecurityInterceptor@5271c14d]
2020-08-24 14:06:08.985  INFO 6612 --- [restartedMain] o.s.s.web.DefaultSecurityFilterChain     : Creating filter chain: Ant [pattern='/interconnect/**'], [org.springframework.security.web.context.request.async.WebAsyncManagerIntegrationFilter@1e0fd2f2, org.springframework.security.web.context.SecurityContextPersistenceFilter@45e3ce04, org.springframework.security.web.header.HeaderWriterFilter@140659e8, org.springframework.security.web.authentication.logout.LogoutFilter@14a999b6, org.springframework.security.web.authentication.www.BasicAuthenticationFilter@1b3aabf5, org.springframework.security.web.savedrequest.RequestCacheAwareFilter@50fbfcfa, org.springframework.security.web.servletapi.SecurityContextHolderAwareRequestFilter@76142614, org.springframework.security.web.authentication.AnonymousAuthenticationFilter@3dbf1035, org.springframework.security.web.session.SessionManagementFilter@2643e1ef, org.springframework.security.web.access.ExceptionTranslationFilter@1f28fe5, org.springframework.security.web.access.intercept.FilterSecurityInterceptor@1a12c2aa]
2020-08-24 14:06:09.660  INFO 6612 --- [restartedMain] o.s.s.concurrent.ThreadPoolTaskExecutor  : Initializing ExecutorService 'taskExecutorUrgent'
2020-08-24 14:06:09.670  INFO 6612 --- [restartedMain] o.s.s.concurrent.ThreadPoolTaskExecutor  : Initializing ExecutorService 'fileMultipleUpload'
2020-08-24 14:06:13.247  INFO 6612 --- [restartedMain] o.s.b.w.embedded.tomcat.TomcatWebServer  : Tomcat started on port(s): 8080 (http) with context path ''
2020-08-24 14:06:13.250  INFO 6612 --- [restartedMain] DeferredRepositoryInitializationListener : Triggering deferred initialization of Spring Data repositories…
2020-08-24 14:06:14.900  INFO 6612 --- [restartedMain] DeferredRepositoryInitializationListener : Spring Data repositories initialized!
2020-08-24 14:06:14.971  INFO 6612 --- [restartedMain] com.example.demo.DemoApplication         : Started DemoApplication in 83.189 seconds (JVM running for 88.669)
2020-08-24 14:06:36.128  INFO 6612 --- [http-nio-8080-exec-1] o.a.c.c.C.[Tomcat].[localhost].[/]       : Initializing Spring DispatcherServlet 'dispatcherServlet'
2020-08-24 14:06:36.131  INFO 6612 --- [http-nio-8080-exec-1] o.s.web.servlet.DispatcherServlet        : Initializing Servlet 'dispatcherServlet'
2020-08-24 14:06:36.647  INFO 6612 --- [http-nio-8080-exec-1] o.s.web.servlet.DispatcherServlet        : Completed initialization in 513 ms
2020-08-24 14:06:37.287  WARN 6612 --- [http-nio-8080-exec-1] .w.s.m.s.DefaultHandlerExceptionResolver : Resolved [org.springframework.web.HttpMediaTypeNotSupportedException: Invalid mime type "application/json, multipart/form-data": Invalid token character ',' in token "json, multipart/form-data"]
2020-08-24 14:06:48.709  WARN 6612 --- [http-nio-8080-exec-3] .w.s.m.s.DefaultHandlerExceptionResolver : Resolved [org.springframework.web.HttpMediaTypeNotSupportedException: Content type 'text/plain;charset=UTF-8' not supported]
2020-08-24 14:09:46.680  INFO 5196 --- [restartedMain] com.example.demo.DemoApplication         : Starting DemoApplication on Asus with PID 5196 (C:\Users\User\IdeaProjects\springBootDemo\target\classes started by Grigor in C:\Users\User\IdeaProjects\springBootDemo)
2020-08-24 14:09:46.724  INFO 5196 --- [restartedMain] com.example.demo.DemoApplication         : No active profile set, falling back to default profiles: default
2020-08-24 14:09:46.820  INFO 5196 --- [restartedMain] .e.DevToolsPropertyDefaultsPostProcessor : Devtools property defaults active! Set 'spring.devtools.add-properties' to 'false' to disable
2020-08-24 14:09:46.821  INFO 5196 --- [restartedMain] .e.DevToolsPropertyDefaultsPostProcessor : For additional web related logging consider setting the 'logging.level.web' property to 'DEBUG'
2020-08-24 14:09:50.773  INFO 5196 --- [restartedMain] .s.d.r.c.RepositoryConfigurationDelegate : Bootstrapping Spring Data JPA repositories in DEFERRED mode.
2020-08-24 14:09:51.107  INFO 5196 --- [restartedMain] .s.d.r.c.RepositoryConfigurationDelegate : Finished Spring Data repository scanning in 317ms. Found 6 JPA repository interfaces.
2020-08-24 14:09:52.239  INFO 5196 --- [restartedMain] trationDelegate$BeanPostProcessorChecker : Bean 'org.springframework.security.access.expression.method.DefaultMethodSecurityExpressionHandler@70b30b35' of type [org.springframework.security.access.expression.method.DefaultMethodSecurityExpressionHandler] is not eligible for getting processed by all BeanPostProcessors (for example: not eligible for auto-proxying)
2020-08-24 14:09:52.257  INFO 5196 --- [restartedMain] trationDelegate$BeanPostProcessorChecker : Bean 'methodSecurityMetadataSource' of type [org.springframework.security.access.method.DelegatingMethodSecurityMetadataSource] is not eligible for getting processed by all BeanPostProcessors (for example: not eligible for auto-proxying)
2020-08-24 14:09:55.730  INFO 5196 --- [restartedMain] o.s.b.w.embedded.tomcat.TomcatWebServer  : Tomcat initialized with port(s): 8080 (http)
2020-08-24 14:09:55.775  INFO 5196 --- [restartedMain] o.apache.catalina.core.StandardService   : Starting service [Tomcat]
2020-08-24 14:09:55.777  INFO 5196 --- [restartedMain] org.apache.catalina.core.StandardEngine  : Starting Servlet engine: [Apache Tomcat/9.0.37]
2020-08-24 14:09:56.217  INFO 5196 --- [restartedMain] o.a.c.c.C.[Tomcat].[localhost].[/]       : Initializing Spring embedded WebApplicationContext
2020-08-24 14:09:56.218  INFO 5196 --- [restartedMain] w.s.c.ServletWebServerApplicationContext : Root WebApplicationContext: initialization completed in 9397 ms
2020-08-24 14:09:57.652  INFO 5196 --- [restartedMain] o.hibernate.jpa.internal.util.LogHelper  : HHH000204: Processing PersistenceUnitInfo [name: default]
2020-08-24 14:09:58.334  INFO 5196 --- [restartedMain] org.hibernate.Version                    : HHH000412: Hibernate ORM core version 5.4.18.Final
2020-08-24 14:10:00.165  INFO 5196 --- [restartedMain] o.hibernate.annotations.common.Version   : HCANN000001: Hibernate Commons Annotations {5.1.0.Final}
2020-08-24 14:10:01.006  INFO 5196 --- [restartedMain] com.zaxxer.hikari.HikariDataSource       : HikariPool-1 - Starting...
2020-08-24 14:10:02.190  INFO 5196 --- [restartedMain] com.zaxxer.hikari.HikariDataSource       : HikariPool-1 - Start completed.
2020-08-24 14:10:02.304  INFO 5196 --- [restartedMain] org.hibernate.dialect.Dialect            : HHH000400: Using dialect: org.hibernate.dialect.MySQL57Dialect
2020-08-24 14:10:08.350  INFO 5196 --- [restartedMain] o.h.e.t.j.p.i.JtaPlatformInitiator       : HHH000490: Using JtaPlatform implementation: [org.hibernate.engine.transaction.jta.platform.internal.NoJtaPlatform]
2020-08-24 14:10:08.379  INFO 5196 --- [restartedMain] j.LocalContainerEntityManagerFactoryBean : Initialized JPA EntityManagerFactory for persistence unit 'default'
2020-08-24 14:10:08.557  INFO 5196 --- [restartedMain] o.s.b.d.a.OptionalLiveReloadServer       : LiveReload server is running on port 35729
2020-08-24 14:10:08.721  WARN 5196 --- [restartedMain] JpaBaseConfiguration$JpaWebConfiguration : spring.jpa.open-in-view is enabled by default. Therefore, database queries may be performed during view rendering. Explicitly configure spring.jpa.open-in-view to disable this warning
2020-08-24 14:10:10.069  INFO 5196 --- [restartedMain] o.s.s.web.DefaultSecurityFilterChain     : Creating filter chain: Ant [pattern='/adm/**'], [org.springframework.security.web.context.request.async.WebAsyncManagerIntegrationFilter@4249723c, org.springframework.security.web.context.SecurityContextPersistenceFilter@269b9c23, org.springframework.security.web.header.HeaderWriterFilter@128b0bfd, org.springframework.security.web.authentication.logout.LogoutFilter@73877094, org.springframework.security.web.authentication.www.BasicAuthenticationFilter@28417db, org.springframework.security.web.savedrequest.RequestCacheAwareFilter@36165034, org.springframework.security.web.servletapi.SecurityContextHolderAwareRequestFilter@6a2b0aca, org.springframework.security.web.authentication.AnonymousAuthenticationFilter@7db35d3d, org.springframework.security.web.session.SessionManagementFilter@5a59161, org.springframework.security.web.access.ExceptionTranslationFilter@6ddb3007, org.springframework.security.web.access.intercept.FilterSecurityInterceptor@4a281ca8]
2020-08-24 14:10:10.089  INFO 5196 --- [restartedMain] o.s.s.web.DefaultSecurityFilterChain     : Creating filter chain: Ant [pattern='/api/**'], [org.springframework.security.web.context.request.async.WebAsyncManagerIntegrationFilter@660715c4, org.springframework.security.web.context.SecurityContextPersistenceFilter@4af2c6f1, org.springframework.security.web.header.HeaderWriterFilter@38c8645a, org.springframework.security.web.authentication.logout.LogoutFilter@49ddd439, org.springframework.security.oauth2.provider.authentication.OAuth2AuthenticationProcessingFilter@4c0eb645, org.springframework.security.web.savedrequest.RequestCacheAwareFilter@70cad284, org.springframework.security.web.servletapi.SecurityContextHolderAwareRequestFilter@bdb9273, org.springframework.security.web.authentication.AnonymousAuthenticationFilter@1904bd18, org.springframework.security.web.session.SessionManagementFilter@6e3e07f9, org.springframework.security.web.access.ExceptionTranslationFilter@437f3fb4, org.springframework.security.web.access.intercept.FilterSecurityInterceptor@541c7a9d]
2020-08-24 14:10:10.098  INFO 5196 --- [restartedMain] o.s.s.web.DefaultSecurityFilterChain     : Creating filter chain: Ant [pattern='/interconnect/**'], [org.springframework.security.web.context.request.async.WebAsyncManagerIntegrationFilter@7264f191, org.springframework.security.web.context.SecurityContextPersistenceFilter@33584721, org.springframework.security.web.header.HeaderWriterFilter@6baf0031, org.springframework.security.web.authentication.logout.LogoutFilter@7ff3f5d4, org.springframework.security.web.authentication.www.BasicAuthenticationFilter@2ba5ffa8, org.springframework.security.web.savedrequest.RequestCacheAwareFilter@21febf95, org.springframework.security.web.servletapi.SecurityContextHolderAwareRequestFilter@32438d13, org.springframework.security.web.authentication.AnonymousAuthenticationFilter@630286b1, org.springframework.security.web.session.SessionManagementFilter@26f34df0, org.springframework.security.web.access.ExceptionTranslationFilter@11207285, org.springframework.security.web.access.intercept.FilterSecurityInterceptor@71e17d73]
2020-08-24 14:10:10.437  INFO 5196 --- [restartedMain] o.s.s.concurrent.ThreadPoolTaskExecutor  : Initializing ExecutorService 'taskExecutorUrgent'
2020-08-24 14:10:10.446  INFO 5196 --- [restartedMain] o.s.s.concurrent.ThreadPoolTaskExecutor  : Initializing ExecutorService 'fileMultipleUpload'
2020-08-24 14:10:13.314  INFO 5196 --- [restartedMain] o.s.b.w.embedded.tomcat.TomcatWebServer  : Tomcat started on port(s): 8080 (http) with context path ''
2020-08-24 14:10:13.323  INFO 5196 --- [restartedMain] DeferredRepositoryInitializationListener : Triggering deferred initialization of Spring Data repositories…
2020-08-24 14:10:17.205  INFO 5196 --- [restartedMain] DeferredRepositoryInitializationListener : Spring Data repositories initialized!
2020-08-24 14:10:17.222  INFO 5196 --- [restartedMain] com.example.demo.DemoApplication         : Started DemoApplication in 35.157 seconds (JVM running for 46.503)
2020-08-24 14:10:26.401  INFO 5196 --- [http-nio-8080-exec-1] o.a.c.c.C.[Tomcat].[localhost].[/]       : Initializing Spring DispatcherServlet 'dispatcherServlet'
2020-08-24 14:10:26.406  INFO 5196 --- [http-nio-8080-exec-1] o.s.web.servlet.DispatcherServlet        : Initializing Servlet 'dispatcherServlet'
2020-08-24 14:10:27.831  INFO 5196 --- [http-nio-8080-exec-1] o.s.web.servlet.DispatcherServlet        : Completed initialization in 1422 ms
2020-08-24 14:10:30.179  WARN 5196 --- [http-nio-8080-exec-1] .w.s.m.s.DefaultHandlerExceptionResolver : Resolved [org.springframework.web.HttpMediaTypeNotSupportedException: Content type 'text/plain;charset=UTF-8' not supported]
2020-08-24 14:10:40.548  WARN 5196 --- [http-nio-8080-exec-2] .w.s.m.s.DefaultHandlerExceptionResolver : Resolved [org.springframework.web.HttpMediaTypeNotSupportedException: Invalid mime type "application/json, multipart/form-data": Invalid token character ',' in token "json, multipart/form-data"]
2020-08-24 14:10:47.074  WARN 5196 --- [http-nio-8080-exec-5] .w.s.m.s.DefaultHandlerExceptionResolver : Resolved [org.springframework.web.HttpMediaTypeNotSupportedException: Content type 'application/json' not supported]
2020-08-24 14:10:47.096  WARN 5196 --- [http-nio-8080-exec-5] .m.m.a.ExceptionHandlerExceptionResolver : Resolved [org.springframework.web.HttpMediaTypeNotAcceptableException: Could not find acceptable representation]
2020-08-24 14:10:59.918  WARN 5196 --- [http-nio-8080-exec-7] .w.s.m.s.DefaultHandlerExceptionResolver : Resolved [org.springframework.web.HttpMediaTypeNotSupportedException: Invalid mime type "application/json, multipart/form-data": Invalid token character ',' in token "json, multipart/form-data"]
2020-08-24 14:10:59.926  WARN 5196 --- [http-nio-8080-exec-7] .m.m.a.ExceptionHandlerExceptionResolver : Resolved [org.springframework.web.HttpMediaTypeNotAcceptableException: Could not find acceptable representation]
2020-08-24 14:11:14.938  INFO 5196 --- [http-nio-8080-exec-9] c.e.d.c.a.ExceptionToStatusConverter     : >>>Failed to parse multipart servlet request; nested exception is java.lang.IllegalStateException: Unable to process parts as no multi-part configuration has been provided:
2020-08-24 14:11:14.954  WARN 5196 --- [http-nio-8080-exec-9] .m.m.a.ExceptionHandlerExceptionResolver : Resolved [org.springframework.web.multipart.MultipartException: Failed to parse multipart servlet request; nested exception is java.lang.IllegalStateException: Unable to process parts as no multi-part configuration has been provided]
2020-08-24 14:12:06.677  WARN 5196 --- [http-nio-8080-exec-10] .w.s.m.s.DefaultHandlerExceptionResolver : Resolved [org.springframework.web.HttpMediaTypeNotSupportedException: Content type 'text/plain;charset=UTF-8' not supported]
