2020-08-28 15:31:28.126  INFO 4068 --- [restartedMain] com.example.demo.DemoApplication         : Starting DemoApplication on Asus with PID 4068 (C:\Users\User\IdeaProjects\springBootDemo\target\classes started by Grigor in C:\Users\User\IdeaProjects\springBootDemo)
2020-08-28 15:31:28.136  INFO 4068 --- [restartedMain] com.example.demo.DemoApplication         : No active profile set, falling back to default profiles: default
2020-08-28 15:31:28.342  INFO 4068 --- [restartedMain] .e.DevToolsPropertyDefaultsPostProcessor : Devtools property defaults active! Set 'spring.devtools.add-properties' to 'false' to disable
2020-08-28 15:31:28.343  INFO 4068 --- [restartedMain] .e.DevToolsPropertyDefaultsPostProcessor : For additional web related logging consider setting the 'logging.level.web' property to 'DEBUG'
2020-08-28 15:31:33.458  INFO 4068 --- [restartedMain] .s.d.r.c.RepositoryConfigurationDelegate : Bootstrapping Spring Data JPA repositories in DEFERRED mode.
2020-08-28 15:31:33.731  INFO 4068 --- [restartedMain] .s.d.r.c.RepositoryConfigurationDelegate : Finished Spring Data repository scanning in 239ms. Found 6 JPA repository interfaces.
2020-08-28 15:31:34.674  INFO 4068 --- [restartedMain] trationDelegate$BeanPostProcessorChecker : Bean 'org.springframework.security.access.expression.method.DefaultMethodSecurityExpressionHandler@5cca02df' of type [org.springframework.security.access.expression.method.DefaultMethodSecurityExpressionHandler] is not eligible for getting processed by all BeanPostProcessors (for example: not eligible for auto-proxying)
2020-08-28 15:31:34.692  INFO 4068 --- [restartedMain] trationDelegate$BeanPostProcessorChecker : Bean 'methodSecurityMetadataSource' of type [org.springframework.security.access.method.DelegatingMethodSecurityMetadataSource] is not eligible for getting processed by all BeanPostProcessors (for example: not eligible for auto-proxying)
2020-08-28 15:31:35.904  INFO 4068 --- [restartedMain] o.s.b.w.embedded.tomcat.TomcatWebServer  : Tomcat initialized with port(s): 8080 (http)
2020-08-28 15:31:35.939  INFO 4068 --- [restartedMain] o.apache.catalina.core.StandardService   : Starting service [Tomcat]
2020-08-28 15:31:35.940  INFO 4068 --- [restartedMain] org.apache.catalina.core.StandardEngine  : Starting Servlet engine: [Apache Tomcat/9.0.37]
2020-08-28 15:31:36.265  INFO 4068 --- [restartedMain] o.a.c.c.C.[Tomcat].[localhost].[/]       : Initializing Spring embedded WebApplicationContext
2020-08-28 15:31:36.266  INFO 4068 --- [restartedMain] w.s.c.ServletWebServerApplicationContext : Root WebApplicationContext: initialization completed in 7923 ms
2020-08-28 15:31:39.165  INFO 4068 --- [restartedMain] o.hibernate.jpa.internal.util.LogHelper  : HHH000204: Processing PersistenceUnitInfo [name: default]
2020-08-28 15:31:39.461  INFO 4068 --- [restartedMain] org.hibernate.Version                    : HHH000412: Hibernate ORM core version 5.4.18.Final
2020-08-28 15:31:40.303  INFO 4068 --- [restartedMain] o.hibernate.annotations.common.Version   : HCANN000001: Hibernate Commons Annotations {5.1.0.Final}
2020-08-28 15:31:40.790  INFO 4068 --- [restartedMain] com.zaxxer.hikari.HikariDataSource       : HikariPool-1 - Starting...
2020-08-28 15:31:41.026  INFO 4068 --- [restartedMain] com.zaxxer.hikari.HikariDataSource       : HikariPool-1 - Start completed.
2020-08-28 15:31:41.098  INFO 4068 --- [restartedMain] org.hibernate.dialect.Dialect            : HHH000400: Using dialect: org.hibernate.dialect.MySQL57Dialect
2020-08-28 15:31:44.472  INFO 4068 --- [restartedMain] o.h.e.t.j.p.i.JtaPlatformInitiator       : HHH000490: Using JtaPlatform implementation: [org.hibernate.engine.transaction.jta.platform.internal.NoJtaPlatform]
2020-08-28 15:31:44.527  INFO 4068 --- [restartedMain] j.LocalContainerEntityManagerFactoryBean : Initialized JPA EntityManagerFactory for persistence unit 'default'
2020-08-28 15:31:44.652  INFO 4068 --- [restartedMain] o.s.b.d.a.OptionalLiveReloadServer       : LiveReload server is running on port 35729
2020-08-28 15:31:44.726  WARN 4068 --- [restartedMain] JpaBaseConfiguration$JpaWebConfiguration : spring.jpa.open-in-view is enabled by default. Therefore, database queries may be performed during view rendering. Explicitly configure spring.jpa.open-in-view to disable this warning
2020-08-28 15:31:49.174  INFO 4068 --- [restartedMain] o.s.s.web.DefaultSecurityFilterChain     : Creating filter chain: Ant [pattern='/adm/**'], [org.springframework.security.web.context.request.async.WebAsyncManagerIntegrationFilter@2745bbfe, org.springframework.security.web.context.SecurityContextPersistenceFilter@48536ef2, org.springframework.security.web.header.HeaderWriterFilter@49fca4d9, org.springframework.security.web.authentication.logout.LogoutFilter@3be5f6c2, org.springframework.security.web.authentication.www.BasicAuthenticationFilter@4efc985e, org.springframework.security.web.savedrequest.RequestCacheAwareFilter@16b27e65, org.springframework.security.web.servletapi.SecurityContextHolderAwareRequestFilter@1b9c608b, org.springframework.security.web.authentication.AnonymousAuthenticationFilter@5d251dc5, org.springframework.security.web.session.SessionManagementFilter@2a5bfd6a, org.springframework.security.web.access.ExceptionTranslationFilter@42f49f3f, org.springframework.security.web.access.intercept.FilterSecurityInterceptor@6b003984]
2020-08-28 15:31:49.194  INFO 4068 --- [restartedMain] o.s.s.web.DefaultSecurityFilterChain     : Creating filter chain: Ant [pattern='/api/**'], [org.springframework.security.web.context.request.async.WebAsyncManagerIntegrationFilter@3f9a7e7, org.springframework.security.web.context.SecurityContextPersistenceFilter@32fc384f, org.springframework.security.web.header.HeaderWriterFilter@9ee6270, org.springframework.security.web.authentication.logout.LogoutFilter@672302a8, org.springframework.security.oauth2.provider.authentication.OAuth2AuthenticationProcessingFilter@7eec5fa3, org.springframework.security.web.savedrequest.RequestCacheAwareFilter@44836c18, org.springframework.security.web.servletapi.SecurityContextHolderAwareRequestFilter@3e847b1a, org.springframework.security.web.authentication.AnonymousAuthenticationFilter@51dbb286, org.springframework.security.web.session.SessionManagementFilter@471d622, org.springframework.security.web.access.ExceptionTranslationFilter@4817d3c3, org.springframework.security.web.access.intercept.FilterSecurityInterceptor@31dd5db3]
2020-08-28 15:31:49.257  INFO 4068 --- [restartedMain] o.s.s.web.DefaultSecurityFilterChain     : Creating filter chain: Ant [pattern='/interconnect/**'], [org.springframework.security.web.context.request.async.WebAsyncManagerIntegrationFilter@7c3fb133, org.springframework.security.web.context.SecurityContextPersistenceFilter@73d960f0, org.springframework.security.web.header.HeaderWriterFilter@6147522, org.springframework.security.web.authentication.logout.LogoutFilter@56b12964, org.springframework.security.web.authentication.www.BasicAuthenticationFilter@39e28894, org.springframework.security.web.savedrequest.RequestCacheAwareFilter@43459f31, org.springframework.security.web.servletapi.SecurityContextHolderAwareRequestFilter@66dd5f1e, org.springframework.security.web.authentication.AnonymousAuthenticationFilter@6467a58b, org.springframework.security.web.session.SessionManagementFilter@52db5b20, org.springframework.security.web.access.ExceptionTranslationFilter@2f03f5f7, org.springframework.security.web.access.intercept.FilterSecurityInterceptor@11b10dc1]
2020-08-28 15:31:49.603  INFO 4068 --- [restartedMain] o.s.s.concurrent.ThreadPoolTaskExecutor  : Initializing ExecutorService 'taskExecutorUrgent'
2020-08-28 15:31:49.614  INFO 4068 --- [restartedMain] o.s.s.concurrent.ThreadPoolTaskExecutor  : Initializing ExecutorService 'fileMultipleUpload'
2020-08-28 15:31:50.565  INFO 4068 --- [restartedMain] o.s.b.w.embedded.tomcat.TomcatWebServer  : Tomcat started on port(s): 8080 (http) with context path ''
2020-08-28 15:31:50.569  INFO 4068 --- [restartedMain] DeferredRepositoryInitializationListener : Triggering deferred initialization of Spring Data repositories…
2020-08-28 15:31:51.144  INFO 4068 --- [restartedMain] DeferredRepositoryInitializationListener : Spring Data repositories initialized!
2020-08-28 15:31:51.201  INFO 4068 --- [restartedMain] com.example.demo.DemoApplication         : Started DemoApplication in 25.084 seconds (JVM running for 38.574)
2020-08-28 15:50:10.700  WARN 4068 --- [HikariPool-1 housekeeper] com.zaxxer.hikari.pool.HikariPool        : HikariPool-1 - Thread starvation or clock leap detected (housekeeper delta=1m28s157ms464µs880ns).
2020-08-28 16:22:04.416  WARN 4068 --- [HikariPool-1 housekeeper] com.zaxxer.hikari.pool.HikariPool        : HikariPool-1 - Thread starvation or clock leap detected (housekeeper delta=48s208ms618µs187ns).
2020-08-28 17:12:24.999  INFO 5912 --- [restartedMain] com.example.demo.DemoApplication         : Starting DemoApplication on Asus with PID 5912 (C:\Users\User\IdeaProjects\springBootDemo\target\classes started by Grigor in C:\Users\User\IdeaProjects\springBootDemo)
2020-08-28 17:12:25.008  INFO 5912 --- [restartedMain] com.example.demo.DemoApplication         : No active profile set, falling back to default profiles: default
2020-08-28 17:12:25.279  INFO 5912 --- [restartedMain] .e.DevToolsPropertyDefaultsPostProcessor : Devtools property defaults active! Set 'spring.devtools.add-properties' to 'false' to disable
2020-08-28 17:12:25.315  INFO 5912 --- [restartedMain] .e.DevToolsPropertyDefaultsPostProcessor : For additional web related logging consider setting the 'logging.level.web' property to 'DEBUG'
2020-08-28 17:12:28.341  INFO 5912 --- [restartedMain] .s.d.r.c.RepositoryConfigurationDelegate : Bootstrapping Spring Data JPA repositories in DEFERRED mode.
2020-08-28 17:12:28.588  INFO 5912 --- [restartedMain] .s.d.r.c.RepositoryConfigurationDelegate : Finished Spring Data repository scanning in 215ms. Found 6 JPA repository interfaces.
2020-08-28 17:12:29.455  INFO 5912 --- [restartedMain] trationDelegate$BeanPostProcessorChecker : Bean 'org.springframework.security.access.expression.method.DefaultMethodSecurityExpressionHandler@5b9a7424' of type [org.springframework.security.access.expression.method.DefaultMethodSecurityExpressionHandler] is not eligible for getting processed by all BeanPostProcessors (for example: not eligible for auto-proxying)
2020-08-28 17:12:29.479  INFO 5912 --- [restartedMain] trationDelegate$BeanPostProcessorChecker : Bean 'methodSecurityMetadataSource' of type [org.springframework.security.access.method.DelegatingMethodSecurityMetadataSource] is not eligible for getting processed by all BeanPostProcessors (for example: not eligible for auto-proxying)
2020-08-28 17:12:30.557  INFO 5912 --- [restartedMain] o.s.b.w.embedded.tomcat.TomcatWebServer  : Tomcat initialized with port(s): 8080 (http)
2020-08-28 17:12:30.597  INFO 5912 --- [restartedMain] o.apache.catalina.core.StandardService   : Starting service [Tomcat]
2020-08-28 17:12:30.598  INFO 5912 --- [restartedMain] org.apache.catalina.core.StandardEngine  : Starting Servlet engine: [Apache Tomcat/9.0.37]
2020-08-28 17:12:30.802  INFO 5912 --- [restartedMain] o.a.c.c.C.[Tomcat].[localhost].[/]       : Initializing Spring embedded WebApplicationContext
2020-08-28 17:12:30.803  INFO 5912 --- [restartedMain] w.s.c.ServletWebServerApplicationContext : Root WebApplicationContext: initialization completed in 5471 ms
2020-08-28 17:12:31.369  INFO 5912 --- [restartedMain] o.hibernate.jpa.internal.util.LogHelper  : HHH000204: Processing PersistenceUnitInfo [name: default]
2020-08-28 17:12:31.476  INFO 5912 --- [restartedMain] org.hibernate.Version                    : HHH000412: Hibernate ORM core version 5.4.18.Final
2020-08-28 17:12:31.843  INFO 5912 --- [restartedMain] o.hibernate.annotations.common.Version   : HCANN000001: Hibernate Commons Annotations {5.1.0.Final}
2020-08-28 17:12:32.385  INFO 5912 --- [restartedMain] com.zaxxer.hikari.HikariDataSource       : HikariPool-1 - Starting...
2020-08-28 17:12:32.714  INFO 5912 --- [restartedMain] com.zaxxer.hikari.HikariDataSource       : HikariPool-1 - Start completed.
2020-08-28 17:12:32.774  INFO 5912 --- [restartedMain] org.hibernate.dialect.Dialect            : HHH000400: Using dialect: org.hibernate.dialect.MySQL57Dialect
2020-08-28 17:12:41.258  INFO 5912 --- [restartedMain] o.h.e.t.j.p.i.JtaPlatformInitiator       : HHH000490: Using JtaPlatform implementation: [org.hibernate.engine.transaction.jta.platform.internal.NoJtaPlatform]
2020-08-28 17:12:41.291  INFO 5912 --- [restartedMain] j.LocalContainerEntityManagerFactoryBean : Initialized JPA EntityManagerFactory for persistence unit 'default'
2020-08-28 17:12:41.510  INFO 5912 --- [restartedMain] o.s.b.d.a.OptionalLiveReloadServer       : LiveReload server is running on port 35729
2020-08-28 17:12:41.612  WARN 5912 --- [restartedMain] JpaBaseConfiguration$JpaWebConfiguration : spring.jpa.open-in-view is enabled by default. Therefore, database queries may be performed during view rendering. Explicitly configure spring.jpa.open-in-view to disable this warning
2020-08-28 17:12:44.222  INFO 5912 --- [restartedMain] o.s.s.web.DefaultSecurityFilterChain     : Creating filter chain: Ant [pattern='/adm/**'], [org.springframework.security.web.context.request.async.WebAsyncManagerIntegrationFilter@48f81a15, org.springframework.security.web.context.SecurityContextPersistenceFilter@16b27e65, org.springframework.security.web.header.HeaderWriterFilter@20d1eb39, org.springframework.security.web.authentication.logout.LogoutFilter@67ba1a66, org.springframework.security.web.authentication.www.BasicAuthenticationFilter@73487bac, org.springframework.security.web.savedrequest.RequestCacheAwareFilter@589ff097, org.springframework.security.web.servletapi.SecurityContextHolderAwareRequestFilter@3820a94a, org.springframework.security.web.authentication.AnonymousAuthenticationFilter@7ef7bcaa, org.springframework.security.web.session.SessionManagementFilter@48536ef2, org.springframework.security.web.access.ExceptionTranslationFilter@49fca4d9, org.springframework.security.web.access.intercept.FilterSecurityInterceptor@2ef88c54]
2020-08-28 17:12:44.241  INFO 5912 --- [restartedMain] o.s.s.web.DefaultSecurityFilterChain     : Creating filter chain: Ant [pattern='/api/**'], [org.springframework.security.web.context.request.async.WebAsyncManagerIntegrationFilter@4e6e4e00, org.springframework.security.web.context.SecurityContextPersistenceFilter@3e847b1a, org.springframework.security.web.header.HeaderWriterFilter@32fc384f, org.springframework.security.web.authentication.logout.LogoutFilter@255eb15a, org.springframework.security.oauth2.provider.authentication.OAuth2AuthenticationProcessingFilter@218b7cfd, org.springframework.security.web.savedrequest.RequestCacheAwareFilter@344e6a2e, org.springframework.security.web.servletapi.SecurityContextHolderAwareRequestFilter@672302a8, org.springframework.security.web.authentication.AnonymousAuthenticationFilter@1585b2bb, org.springframework.security.web.session.SessionManagementFilter@44836c18, org.springframework.security.web.access.ExceptionTranslationFilter@471d622, org.springframework.security.web.access.intercept.FilterSecurityInterceptor@51dbb286]
2020-08-28 17:12:44.294  INFO 5912 --- [restartedMain] o.s.s.web.DefaultSecurityFilterChain     : Creating filter chain: Ant [pattern='/interconnect/**'], [org.springframework.security.web.context.request.async.WebAsyncManagerIntegrationFilter@c127029, org.springframework.security.web.context.SecurityContextPersistenceFilter@66dd5f1e, org.springframework.security.web.header.HeaderWriterFilter@73d960f0, org.springframework.security.web.authentication.logout.LogoutFilter@35cb1519, org.springframework.security.web.authentication.www.BasicAuthenticationFilter@639f6bf4, org.springframework.security.web.savedrequest.RequestCacheAwareFilter@6e571abe, org.springframework.security.web.servletapi.SecurityContextHolderAwareRequestFilter@56b12964, org.springframework.security.web.authentication.AnonymousAuthenticationFilter@1554ab6f, org.springframework.security.web.session.SessionManagementFilter@43459f31, org.springframework.security.web.access.ExceptionTranslationFilter@52db5b20, org.springframework.security.web.access.intercept.FilterSecurityInterceptor@6467a58b]
2020-08-28 17:12:44.683  INFO 5912 --- [restartedMain] o.s.s.concurrent.ThreadPoolTaskExecutor  : Initializing ExecutorService 'taskExecutorUrgent'
2020-08-28 17:12:44.692  INFO 5912 --- [restartedMain] o.s.s.concurrent.ThreadPoolTaskExecutor  : Initializing ExecutorService 'fileMultipleUpload'
2020-08-28 17:12:45.329  INFO 5912 --- [restartedMain] o.s.b.w.embedded.tomcat.TomcatWebServer  : Tomcat started on port(s): 8080 (http) with context path ''
2020-08-28 17:12:45.331  INFO 5912 --- [restartedMain] DeferredRepositoryInitializationListener : Triggering deferred initialization of Spring Data repositories…
2020-08-28 17:12:46.049  INFO 5912 --- [restartedMain] DeferredRepositoryInitializationListener : Spring Data repositories initialized!
2020-08-28 17:12:46.100  INFO 5912 --- [restartedMain] com.example.demo.DemoApplication         : Started DemoApplication in 22.912 seconds (JVM running for 25.92)
2020-08-28 17:21:44.814  INFO 5912 --- [http-nio-8080-exec-1] o.a.c.c.C.[Tomcat].[localhost].[/]       : Initializing Spring DispatcherServlet 'dispatcherServlet'
2020-08-28 17:21:44.984  INFO 5912 --- [http-nio-8080-exec-1] o.s.web.servlet.DispatcherServlet        : Initializing Servlet 'dispatcherServlet'
2020-08-28 17:21:46.764  INFO 5912 --- [http-nio-8080-exec-1] o.s.web.servlet.DispatcherServlet        : Completed initialization in 1773 ms
2020-08-28 17:24:44.075  INFO 5912 --- [http-nio-8080-exec-5] o.s.s.o.p.token.store.JdbcTokenStore     : Failed to find access token for token Z21haWw6Z21haWxfc2VjcmV0
2020-08-28 17:30:45.927  INFO 5912 --- [http-nio-8080-exec-9] o.s.s.o.p.token.store.JdbcTokenStore     : Failed to find access token for token Z21haWw6Z21haWxfc2VjcmV0
2020-08-28 17:40:31.291  INFO 4468 --- [restartedMain] com.example.demo.DemoApplication         : Starting DemoApplication on Asus with PID 4468 (C:\Users\User\IdeaProjects\springBootDemo\target\classes started by Grigor in C:\Users\User\IdeaProjects\springBootDemo)
2020-08-28 17:40:31.296  INFO 4468 --- [restartedMain] com.example.demo.DemoApplication         : No active profile set, falling back to default profiles: default
2020-08-28 17:40:31.514  INFO 4468 --- [restartedMain] .e.DevToolsPropertyDefaultsPostProcessor : Devtools property defaults active! Set 'spring.devtools.add-properties' to 'false' to disable
2020-08-28 17:40:31.515  INFO 4468 --- [restartedMain] .e.DevToolsPropertyDefaultsPostProcessor : For additional web related logging consider setting the 'logging.level.web' property to 'DEBUG'
2020-08-28 17:40:40.032  INFO 4468 --- [restartedMain] .s.d.r.c.RepositoryConfigurationDelegate : Bootstrapping Spring Data JPA repositories in DEFERRED mode.
2020-08-28 17:40:40.400  INFO 4468 --- [restartedMain] .s.d.r.c.RepositoryConfigurationDelegate : Finished Spring Data repository scanning in 274ms. Found 6 JPA repository interfaces.
2020-08-28 17:40:41.216  INFO 4468 --- [restartedMain] trationDelegate$BeanPostProcessorChecker : Bean 'org.springframework.security.access.expression.method.DefaultMethodSecurityExpressionHandler@531d938' of type [org.springframework.security.access.expression.method.DefaultMethodSecurityExpressionHandler] is not eligible for getting processed by all BeanPostProcessors (for example: not eligible for auto-proxying)
2020-08-28 17:40:41.258  INFO 4468 --- [restartedMain] trationDelegate$BeanPostProcessorChecker : Bean 'methodSecurityMetadataSource' of type [org.springframework.security.access.method.DelegatingMethodSecurityMetadataSource] is not eligible for getting processed by all BeanPostProcessors (for example: not eligible for auto-proxying)
2020-08-28 17:40:42.057  INFO 4468 --- [restartedMain] o.s.b.w.embedded.tomcat.TomcatWebServer  : Tomcat initialized with port(s): 8080 (http)
2020-08-28 17:40:42.071  INFO 4468 --- [restartedMain] o.apache.catalina.core.StandardService   : Starting service [Tomcat]
2020-08-28 17:40:42.072  INFO 4468 --- [restartedMain] org.apache.catalina.core.StandardEngine  : Starting Servlet engine: [Apache Tomcat/9.0.37]
2020-08-28 17:40:42.307  INFO 4468 --- [restartedMain] o.a.c.c.C.[Tomcat].[localhost].[/]       : Initializing Spring embedded WebApplicationContext
2020-08-28 17:40:42.308  INFO 4468 --- [restartedMain] w.s.c.ServletWebServerApplicationContext : Root WebApplicationContext: initialization completed in 10792 ms
2020-08-28 17:40:42.806  INFO 4468 --- [restartedMain] o.hibernate.jpa.internal.util.LogHelper  : HHH000204: Processing PersistenceUnitInfo [name: default]
2020-08-28 17:40:42.947  INFO 4468 --- [restartedMain] org.hibernate.Version                    : HHH000412: Hibernate ORM core version 5.4.18.Final
2020-08-28 17:40:43.415  INFO 4468 --- [restartedMain] o.hibernate.annotations.common.Version   : HCANN000001: Hibernate Commons Annotations {5.1.0.Final}
2020-08-28 17:40:44.014  INFO 4468 --- [restartedMain] com.zaxxer.hikari.HikariDataSource       : HikariPool-1 - Starting...
2020-08-28 17:40:44.274  INFO 4468 --- [restartedMain] com.zaxxer.hikari.HikariDataSource       : HikariPool-1 - Start completed.
2020-08-28 17:40:44.298  INFO 4468 --- [restartedMain] org.hibernate.dialect.Dialect            : HHH000400: Using dialect: org.hibernate.dialect.MySQL57Dialect
2020-08-28 17:40:46.321  INFO 4468 --- [restartedMain] o.h.e.t.j.p.i.JtaPlatformInitiator       : HHH000490: Using JtaPlatform implementation: [org.hibernate.engine.transaction.jta.platform.internal.NoJtaPlatform]
2020-08-28 17:40:46.333  INFO 4468 --- [restartedMain] j.LocalContainerEntityManagerFactoryBean : Initialized JPA EntityManagerFactory for persistence unit 'default'
2020-08-28 17:40:46.432  INFO 4468 --- [restartedMain] o.s.b.d.a.OptionalLiveReloadServer       : LiveReload server is running on port 35729
2020-08-28 17:40:46.563  WARN 4468 --- [restartedMain] JpaBaseConfiguration$JpaWebConfiguration : spring.jpa.open-in-view is enabled by default. Therefore, database queries may be performed during view rendering. Explicitly configure spring.jpa.open-in-view to disable this warning
2020-08-28 17:40:58.568  INFO 4468 --- [restartedMain] o.s.s.web.DefaultSecurityFilterChain     : Creating filter chain: Ant [pattern='/adm/**'], [org.springframework.security.web.context.request.async.WebAsyncManagerIntegrationFilter@2f1d0926, org.springframework.security.web.context.SecurityContextPersistenceFilter@1fdffbe9, org.springframework.security.web.header.HeaderWriterFilter@1ea4bb33, org.springframework.security.web.authentication.logout.LogoutFilter@4990aea0, org.springframework.security.web.authentication.www.BasicAuthenticationFilter@d15158b, org.springframework.security.web.savedrequest.RequestCacheAwareFilter@7e3c4af8, org.springframework.security.web.servletapi.SecurityContextHolderAwareRequestFilter@2b1fe69c, org.springframework.security.web.authentication.AnonymousAuthenticationFilter@13fec9d6, org.springframework.security.web.session.SessionManagementFilter@4fc857f5, org.springframework.security.web.access.ExceptionTranslationFilter@ac0b94e, org.springframework.security.web.access.intercept.FilterSecurityInterceptor@137827b7]
2020-08-28 17:40:58.589  INFO 4468 --- [restartedMain] o.s.s.web.DefaultSecurityFilterChain     : Creating filter chain: Ant [pattern='/api/**'], [org.springframework.security.web.context.request.async.WebAsyncManagerIntegrationFilter@ceaa406, org.springframework.security.web.context.SecurityContextPersistenceFilter@595a649e, org.springframework.security.web.header.HeaderWriterFilter@5b3303e3, org.springframework.security.web.authentication.logout.LogoutFilter@5bef5b52, org.springframework.security.oauth2.provider.authentication.OAuth2AuthenticationProcessingFilter@60492e8a, org.springframework.security.web.savedrequest.RequestCacheAwareFilter@184d1697, org.springframework.security.web.servletapi.SecurityContextHolderAwareRequestFilter@5b222266, org.springframework.security.web.authentication.AnonymousAuthenticationFilter@c6664f9, org.springframework.security.web.session.SessionManagementFilter@61bd71d8, org.springframework.security.web.access.ExceptionTranslationFilter@136a579d, org.springframework.security.web.access.intercept.FilterSecurityInterceptor@14188db5]
2020-08-28 17:40:58.659  INFO 4468 --- [restartedMain] o.s.s.web.DefaultSecurityFilterChain     : Creating filter chain: Ant [pattern='/interconnect/**'], [org.springframework.security.web.context.request.async.WebAsyncManagerIntegrationFilter@1fb10346, org.springframework.security.web.context.SecurityContextPersistenceFilter@7e697e16, org.springframework.security.web.header.HeaderWriterFilter@a9b77e6, org.springframework.security.web.authentication.logout.LogoutFilter@36d92bd4, org.springframework.security.web.authentication.www.BasicAuthenticationFilter@28522ac3, org.springframework.security.web.savedrequest.RequestCacheAwareFilter@58372ce, org.springframework.security.web.servletapi.SecurityContextHolderAwareRequestFilter@54f601df, org.springframework.security.web.authentication.AnonymousAuthenticationFilter@7d4c02c5, org.springframework.security.web.session.SessionManagementFilter@1248b380, org.springframework.security.web.access.ExceptionTranslationFilter@52453a97, org.springframework.security.web.access.intercept.FilterSecurityInterceptor@2235e8b9]
2020-08-28 17:40:59.467  INFO 4468 --- [restartedMain] o.s.s.concurrent.ThreadPoolTaskExecutor  : Initializing ExecutorService 'taskExecutorUrgent'
2020-08-28 17:40:59.483  INFO 4468 --- [restartedMain] o.s.s.concurrent.ThreadPoolTaskExecutor  : Initializing ExecutorService 'fileMultipleUpload'
2020-08-28 17:41:00.972  INFO 4468 --- [restartedMain] o.s.b.w.embedded.tomcat.TomcatWebServer  : Tomcat started on port(s): 8080 (http) with context path ''
2020-08-28 17:41:00.977  INFO 4468 --- [restartedMain] DeferredRepositoryInitializationListener : Triggering deferred initialization of Spring Data repositories…
2020-08-28 17:41:01.884  INFO 4468 --- [restartedMain] DeferredRepositoryInitializationListener : Spring Data repositories initialized!
2020-08-28 17:41:01.919  INFO 4468 --- [restartedMain] com.example.demo.DemoApplication         : Started DemoApplication in 33.511 seconds (JVM running for 38.432)
2020-08-28 17:41:15.714  INFO 4468 --- [http-nio-8080-exec-2] o.a.c.c.C.[Tomcat].[localhost].[/]       : Initializing Spring DispatcherServlet 'dispatcherServlet'
2020-08-28 17:41:15.716  INFO 4468 --- [http-nio-8080-exec-2] o.s.web.servlet.DispatcherServlet        : Initializing Servlet 'dispatcherServlet'
2020-08-28 17:41:15.750  INFO 4468 --- [http-nio-8080-exec-2] o.s.web.servlet.DispatcherServlet        : Completed initialization in 31 ms
2020-08-28 17:41:21.848  INFO 4468 --- [http-nio-8080-exec-2] o.s.s.o.p.token.store.JdbcTokenStore     : Failed to find access token for token Z21haWw6Z21haWxfc2VjcmV0
2020-08-28 17:41:55.190  INFO 4468 --- [http-nio-8080-exec-3] c.e.demo.controller.AccountsController   : >>>register method:
2020-08-28 17:41:55.269  INFO 4468 --- [http-nio-8080-exec-3] c.e.demo.controller.AccountsController   : >>>user ip 0:0:0:0:0:0:0:1
2020-08-28 17:42:00.945  INFO 4468 --- [http-nio-8080-exec-3] c.e.demo.controller.AccountsController   : >>>reg is done:
2020-08-28 17:42:02.223 ERROR 4468 --- [taskExecutorUrgent-1] .a.i.SimpleAsyncUncaughtExceptionHandler : Unexpected exception occurred invoking async method: public void com.example.demo.util.component.MailSenderClient.sendSimpleMessage(java.lang.String,java.lang.String,java.lang.String)

org.springframework.mail.MailSendException: Failed messages: com.sun.mail.smtp.SMTPSendFailedException: 530 5.7.0 Must issue a STARTTLS command first. z14sm2414859wre.34 - gsmtp

	at org.springframework.mail.javamail.JavaMailSenderImpl.doSend(JavaMailSenderImpl.java:491) ~[spring-context-support-5.2.8.RELEASE.jar:5.2.8.RELEASE]
	at org.springframework.mail.javamail.JavaMailSenderImpl.send(JavaMailSenderImpl.java:323) ~[spring-context-support-5.2.8.RELEASE.jar:5.2.8.RELEASE]
	at org.springframework.mail.javamail.JavaMailSenderImpl.send(JavaMailSenderImpl.java:312) ~[spring-context-support-5.2.8.RELEASE.jar:5.2.8.RELEASE]
	at com.example.demo.util.component.MailSenderClient.sendSimpleMessage(MailSenderClient.java:33) ~[classes/:na]
	at com.example.demo.util.component.MailSenderClient$$FastClassBySpringCGLIB$$d0e6695a.invoke(<generated>) ~[classes/:na]
	at org.springframework.cglib.proxy.MethodProxy.invoke(MethodProxy.java:218) ~[spring-core-5.2.8.RELEASE.jar:5.2.8.RELEASE]
	at org.springframework.aop.framework.CglibAopProxy$CglibMethodInvocation.invokeJoinpoint(CglibAopProxy.java:771) ~[spring-aop-5.2.8.RELEASE.jar:5.2.8.RELEASE]
	at org.springframework.aop.framework.ReflectiveMethodInvocation.proceed(ReflectiveMethodInvocation.java:163) ~[spring-aop-5.2.8.RELEASE.jar:5.2.8.RELEASE]
	at org.springframework.aop.framework.CglibAopProxy$CglibMethodInvocation.proceed(CglibAopProxy.java:749) ~[spring-aop-5.2.8.RELEASE.jar:5.2.8.RELEASE]
	at org.springframework.transaction.interceptor.TransactionAspectSupport.invokeWithinTransaction(TransactionAspectSupport.java:367) ~[spring-tx-5.2.8.RELEASE.jar:5.2.8.RELEASE]
	at org.springframework.transaction.interceptor.TransactionInterceptor.invoke(TransactionInterceptor.java:118) ~[spring-tx-5.2.8.RELEASE.jar:5.2.8.RELEASE]
	at org.springframework.aop.framework.ReflectiveMethodInvocation.proceed(ReflectiveMethodInvocation.java:186) ~[spring-aop-5.2.8.RELEASE.jar:5.2.8.RELEASE]
	at org.springframework.aop.framework.CglibAopProxy$CglibMethodInvocation.proceed(CglibAopProxy.java:749) ~[spring-aop-5.2.8.RELEASE.jar:5.2.8.RELEASE]
	at org.springframework.aop.interceptor.AsyncExecutionInterceptor.lambda$invoke$0(AsyncExecutionInterceptor.java:115) ~[spring-aop-5.2.8.RELEASE.jar:5.2.8.RELEASE]
	at java.util.concurrent.FutureTask.run(FutureTask.java:266) ~[na:1.8.0_251]
	at java.util.concurrent.ThreadPoolExecutor.runWorker(ThreadPoolExecutor.java:1149) ~[na:1.8.0_251]
	at java.util.concurrent.ThreadPoolExecutor$Worker.run(ThreadPoolExecutor.java:624) ~[na:1.8.0_251]
	at java.lang.Thread.run(Thread.java:748) ~[na:1.8.0_251]

2020-08-28 18:56:35.539  INFO 4072 --- [restartedMain] com.example.demo.DemoApplication         : Starting DemoApplication on Asus with PID 4072 (C:\Users\User\IdeaProjects\springBootDemo\target\classes started by Grigor in C:\Users\User\IdeaProjects\springBootDemo)
2020-08-28 18:56:35.629  INFO 4072 --- [restartedMain] com.example.demo.DemoApplication         : No active profile set, falling back to default profiles: default
2020-08-28 18:56:35.979  INFO 4072 --- [restartedMain] .e.DevToolsPropertyDefaultsPostProcessor : Devtools property defaults active! Set 'spring.devtools.add-properties' to 'false' to disable
2020-08-28 18:56:35.980  INFO 4072 --- [restartedMain] .e.DevToolsPropertyDefaultsPostProcessor : For additional web related logging consider setting the 'logging.level.web' property to 'DEBUG'
2020-08-28 18:56:43.133  INFO 4072 --- [restartedMain] .s.d.r.c.RepositoryConfigurationDelegate : Bootstrapping Spring Data JPA repositories in DEFERRED mode.
2020-08-28 18:56:43.753  INFO 4072 --- [restartedMain] .s.d.r.c.RepositoryConfigurationDelegate : Finished Spring Data repository scanning in 513ms. Found 6 JPA repository interfaces.
2020-08-28 18:56:47.348  INFO 4072 --- [restartedMain] trationDelegate$BeanPostProcessorChecker : Bean 'org.springframework.security.access.expression.method.DefaultMethodSecurityExpressionHandler@32adafdd' of type [org.springframework.security.access.expression.method.DefaultMethodSecurityExpressionHandler] is not eligible for getting processed by all BeanPostProcessors (for example: not eligible for auto-proxying)
2020-08-28 18:56:47.499  INFO 4072 --- [restartedMain] trationDelegate$BeanPostProcessorChecker : Bean 'methodSecurityMetadataSource' of type [org.springframework.security.access.method.DelegatingMethodSecurityMetadataSource] is not eligible for getting processed by all BeanPostProcessors (for example: not eligible for auto-proxying)
2020-08-28 18:56:52.570  INFO 4072 --- [restartedMain] o.s.b.w.embedded.tomcat.TomcatWebServer  : Tomcat initialized with port(s): 8080 (http)
2020-08-28 18:56:52.623  INFO 4072 --- [restartedMain] o.apache.catalina.core.StandardService   : Starting service [Tomcat]
2020-08-28 18:56:52.625  INFO 4072 --- [restartedMain] org.apache.catalina.core.StandardEngine  : Starting Servlet engine: [Apache Tomcat/9.0.37]
2020-08-28 18:56:53.284  INFO 4072 --- [restartedMain] o.a.c.c.C.[Tomcat].[localhost].[/]       : Initializing Spring embedded WebApplicationContext
2020-08-28 18:56:53.285  INFO 4072 --- [restartedMain] w.s.c.ServletWebServerApplicationContext : Root WebApplicationContext: initialization completed in 17301 ms
2020-08-28 18:56:55.234  INFO 4072 --- [restartedMain] o.hibernate.jpa.internal.util.LogHelper  : HHH000204: Processing PersistenceUnitInfo [name: default]
2020-08-28 18:56:56.805  INFO 4072 --- [restartedMain] org.hibernate.Version                    : HHH000412: Hibernate ORM core version 5.4.18.Final
2020-08-28 18:57:16.228  INFO 4072 --- [restartedMain] o.hibernate.annotations.common.Version   : HCANN000001: Hibernate Commons Annotations {5.1.0.Final}
2020-08-28 18:57:19.801  INFO 4072 --- [restartedMain] com.zaxxer.hikari.HikariDataSource       : HikariPool-1 - Starting...
2020-08-28 18:57:22.258  INFO 4072 --- [restartedMain] com.zaxxer.hikari.HikariDataSource       : HikariPool-1 - Start completed.
2020-08-28 18:57:22.486  INFO 4072 --- [restartedMain] org.hibernate.dialect.Dialect            : HHH000400: Using dialect: org.hibernate.dialect.MySQL57Dialect
2020-08-28 18:57:31.848  INFO 4072 --- [restartedMain] o.h.e.t.j.p.i.JtaPlatformInitiator       : HHH000490: Using JtaPlatform implementation: [org.hibernate.engine.transaction.jta.platform.internal.NoJtaPlatform]
2020-08-28 18:57:31.910  INFO 4072 --- [restartedMain] j.LocalContainerEntityManagerFactoryBean : Initialized JPA EntityManagerFactory for persistence unit 'default'
2020-08-28 18:57:32.451  INFO 4072 --- [restartedMain] o.s.b.d.a.OptionalLiveReloadServer       : LiveReload server is running on port 35729
2020-08-28 18:57:32.581  WARN 4072 --- [restartedMain] JpaBaseConfiguration$JpaWebConfiguration : spring.jpa.open-in-view is enabled by default. Therefore, database queries may be performed during view rendering. Explicitly configure spring.jpa.open-in-view to disable this warning
2020-08-28 18:57:45.747  INFO 4072 --- [restartedMain] o.s.s.web.DefaultSecurityFilterChain     : Creating filter chain: Ant [pattern='/adm/**'], [org.springframework.security.web.context.request.async.WebAsyncManagerIntegrationFilter@840ba09, org.springframework.security.web.context.SecurityContextPersistenceFilter@1977317c, org.springframework.security.web.header.HeaderWriterFilter@4635ee21, org.springframework.security.web.authentication.logout.LogoutFilter@62fe0a72, org.springframework.security.web.authentication.www.BasicAuthenticationFilter@a98165f, org.springframework.security.web.savedrequest.RequestCacheAwareFilter@1c110450, org.springframework.security.web.servletapi.SecurityContextHolderAwareRequestFilter@15fae9a1, org.springframework.security.web.authentication.AnonymousAuthenticationFilter@1dc77044, org.springframework.security.web.session.SessionManagementFilter@6b59f5d6, org.springframework.security.web.access.ExceptionTranslationFilter@4022400, org.springframework.security.web.access.intercept.FilterSecurityInterceptor@46df4d79]
2020-08-28 18:57:45.790  INFO 4072 --- [restartedMain] o.s.s.web.DefaultSecurityFilterChain     : Creating filter chain: Ant [pattern='/api/**'], [org.springframework.security.web.context.request.async.WebAsyncManagerIntegrationFilter@6470e56f, org.springframework.security.web.context.SecurityContextPersistenceFilter@21fa7e27, org.springframework.security.web.header.HeaderWriterFilter@5f720898, org.springframework.security.web.authentication.logout.LogoutFilter@106fa11c, org.springframework.security.oauth2.provider.authentication.OAuth2AuthenticationProcessingFilter@6b2c2fa1, org.springframework.security.web.savedrequest.RequestCacheAwareFilter@4a61c337, org.springframework.security.web.servletapi.SecurityContextHolderAwareRequestFilter@598242b, org.springframework.security.web.authentication.AnonymousAuthenticationFilter@4e85ad14, org.springframework.security.web.session.SessionManagementFilter@4c057d8a, org.springframework.security.web.access.ExceptionTranslationFilter@34bbe976, org.springframework.security.web.access.intercept.FilterSecurityInterceptor@7f0da3d6]
2020-08-28 18:57:45.810  INFO 4072 --- [restartedMain] o.s.s.web.DefaultSecurityFilterChain     : Creating filter chain: Ant [pattern='/interconnect/**'], [org.springframework.security.web.context.request.async.WebAsyncManagerIntegrationFilter@4663520e, org.springframework.security.web.context.SecurityContextPersistenceFilter@41f343e3, org.springframework.security.web.header.HeaderWriterFilter@3d66ab27, org.springframework.security.web.authentication.logout.LogoutFilter@19f5210e, org.springframework.security.web.authentication.www.BasicAuthenticationFilter@74cbbaea, org.springframework.security.web.savedrequest.RequestCacheAwareFilter@13cfc391, org.springframework.security.web.servletapi.SecurityContextHolderAwareRequestFilter@1bf87d5c, org.springframework.security.web.authentication.AnonymousAuthenticationFilter@2f41e415, org.springframework.security.web.session.SessionManagementFilter@16f9f34e, org.springframework.security.web.access.ExceptionTranslationFilter@2b5f362a, org.springframework.security.web.access.intercept.FilterSecurityInterceptor@631a3964]
2020-08-28 18:57:46.826  INFO 4072 --- [restartedMain] o.s.s.concurrent.ThreadPoolTaskExecutor  : Initializing ExecutorService 'taskExecutorUrgent'
2020-08-28 18:57:46.835  INFO 4072 --- [restartedMain] o.s.s.concurrent.ThreadPoolTaskExecutor  : Initializing ExecutorService 'fileMultipleUpload'
2020-08-28 18:57:49.121  INFO 4072 --- [restartedMain] o.s.b.w.embedded.tomcat.TomcatWebServer  : Tomcat started on port(s): 8080 (http) with context path ''
2020-08-28 18:57:49.131  INFO 4072 --- [restartedMain] DeferredRepositoryInitializationListener : Triggering deferred initialization of Spring Data repositories…
2020-08-28 18:57:50.649  INFO 4072 --- [restartedMain] DeferredRepositoryInitializationListener : Spring Data repositories initialized!
2020-08-28 18:57:50.814  INFO 4072 --- [restartedMain] com.example.demo.DemoApplication         : Started DemoApplication in 81.008 seconds (JVM running for 109.119)
2020-08-28 19:11:38.195  INFO 6896 --- [restartedMain] com.example.demo.DemoApplication         : Starting DemoApplication on Asus with PID 6896 (C:\Users\User\IdeaProjects\springBootDemo\target\classes started by Grigor in C:\Users\User\IdeaProjects\springBootDemo)
2020-08-28 19:11:38.201  INFO 6896 --- [restartedMain] com.example.demo.DemoApplication         : No active profile set, falling back to default profiles: default
2020-08-28 19:11:38.500  INFO 6896 --- [restartedMain] .e.DevToolsPropertyDefaultsPostProcessor : Devtools property defaults active! Set 'spring.devtools.add-properties' to 'false' to disable
2020-08-28 19:11:38.501  INFO 6896 --- [restartedMain] .e.DevToolsPropertyDefaultsPostProcessor : For additional web related logging consider setting the 'logging.level.web' property to 'DEBUG'
2020-08-28 19:11:51.180  INFO 6896 --- [restartedMain] .s.d.r.c.RepositoryConfigurationDelegate : Bootstrapping Spring Data JPA repositories in DEFERRED mode.
2020-08-28 19:11:53.212  INFO 6896 --- [restartedMain] .s.d.r.c.RepositoryConfigurationDelegate : Finished Spring Data repository scanning in 1785ms. Found 6 JPA repository interfaces.
2020-08-28 19:11:55.277  INFO 6896 --- [restartedMain] trationDelegate$BeanPostProcessorChecker : Bean 'org.springframework.security.access.expression.method.DefaultMethodSecurityExpressionHandler@226d7b67' of type [org.springframework.security.access.expression.method.DefaultMethodSecurityExpressionHandler] is not eligible for getting processed by all BeanPostProcessors (for example: not eligible for auto-proxying)
2020-08-28 19:11:55.308  INFO 6896 --- [restartedMain] trationDelegate$BeanPostProcessorChecker : Bean 'methodSecurityMetadataSource' of type [org.springframework.security.access.method.DelegatingMethodSecurityMetadataSource] is not eligible for getting processed by all BeanPostProcessors (for example: not eligible for auto-proxying)
2020-08-28 19:12:02.370  INFO 6896 --- [restartedMain] o.s.b.w.embedded.tomcat.TomcatWebServer  : Tomcat initialized with port(s): 8080 (http)
2020-08-28 19:12:02.394  INFO 6896 --- [restartedMain] o.apache.catalina.core.StandardService   : Starting service [Tomcat]
2020-08-28 19:12:02.401  INFO 6896 --- [restartedMain] org.apache.catalina.core.StandardEngine  : Starting Servlet engine: [Apache Tomcat/9.0.37]
2020-08-28 19:12:02.684  INFO 6896 --- [restartedMain] o.a.c.c.C.[Tomcat].[localhost].[/]       : Initializing Spring embedded WebApplicationContext
2020-08-28 19:12:02.685  INFO 6896 --- [restartedMain] w.s.c.ServletWebServerApplicationContext : Root WebApplicationContext: initialization completed in 24183 ms
2020-08-28 19:12:05.656  INFO 6896 --- [restartedMain] o.hibernate.jpa.internal.util.LogHelper  : HHH000204: Processing PersistenceUnitInfo [name: default]
2020-08-28 19:12:16.423  INFO 6896 --- [restartedMain] org.hibernate.Version                    : HHH000412: Hibernate ORM core version 5.4.18.Final
2020-08-28 19:12:27.400  INFO 6896 --- [restartedMain] o.hibernate.annotations.common.Version   : HCANN000001: Hibernate Commons Annotations {5.1.0.Final}
2020-08-28 19:12:35.019  INFO 6896 --- [restartedMain] com.zaxxer.hikari.HikariDataSource       : HikariPool-1 - Starting...
2020-08-28 19:12:40.220  INFO 6896 --- [restartedMain] com.zaxxer.hikari.HikariDataSource       : HikariPool-1 - Start completed.
2020-08-28 19:12:41.062  INFO 6896 --- [restartedMain] org.hibernate.dialect.Dialect            : HHH000400: Using dialect: org.hibernate.dialect.MySQL57Dialect
2020-08-28 19:13:13.173  INFO 6896 --- [restartedMain] o.h.e.t.j.p.i.JtaPlatformInitiator       : HHH000490: Using JtaPlatform implementation: [org.hibernate.engine.transaction.jta.platform.internal.NoJtaPlatform]
2020-08-28 19:13:14.058  INFO 6896 --- [restartedMain] j.LocalContainerEntityManagerFactoryBean : Initialized JPA EntityManagerFactory for persistence unit 'default'
2020-08-28 19:13:16.240  WARN 6896 --- [restartedMain] o.s.b.d.a.OptionalLiveReloadServer       : Unable to start LiveReload server
2020-08-28 19:13:17.736  WARN 6896 --- [restartedMain] JpaBaseConfiguration$JpaWebConfiguration : spring.jpa.open-in-view is enabled by default. Therefore, database queries may be performed during view rendering. Explicitly configure spring.jpa.open-in-view to disable this warning
2020-08-28 19:13:39.397  INFO 6896 --- [restartedMain] o.s.s.web.DefaultSecurityFilterChain     : Creating filter chain: Ant [pattern='/adm/**'], [org.springframework.security.web.context.request.async.WebAsyncManagerIntegrationFilter@3a10484b, org.springframework.security.web.context.SecurityContextPersistenceFilter@6e620bfb, org.springframework.security.web.header.HeaderWriterFilter@17825ac9, org.springframework.security.web.authentication.logout.LogoutFilter@2f4915af, org.springframework.security.web.authentication.www.BasicAuthenticationFilter@10233c5f, org.springframework.security.web.savedrequest.RequestCacheAwareFilter@464e2d2b, org.springframework.security.web.servletapi.SecurityContextHolderAwareRequestFilter@2fe6b293, org.springframework.security.web.authentication.AnonymousAuthenticationFilter@1934cfca, org.springframework.security.web.session.SessionManagementFilter@7b4a08b0, org.springframework.security.web.access.ExceptionTranslationFilter@483d2000, org.springframework.security.web.access.intercept.FilterSecurityInterceptor@14a161cb]
2020-08-28 19:13:39.451  INFO 6896 --- [restartedMain] o.s.s.web.DefaultSecurityFilterChain     : Creating filter chain: Ant [pattern='/api/**'], [org.springframework.security.web.context.request.async.WebAsyncManagerIntegrationFilter@20922d34, org.springframework.security.web.context.SecurityContextPersistenceFilter@307981af, org.springframework.security.web.header.HeaderWriterFilter@24a535d5, org.springframework.security.web.authentication.logout.LogoutFilter@bdeaf77, org.springframework.security.oauth2.provider.authentication.OAuth2AuthenticationProcessingFilter@4c836701, org.springframework.security.web.savedrequest.RequestCacheAwareFilter@707094ee, org.springframework.security.web.servletapi.SecurityContextHolderAwareRequestFilter@7d760ca8, org.springframework.security.web.authentication.AnonymousAuthenticationFilter@6fa8f522, org.springframework.security.web.session.SessionManagementFilter@8804558, org.springframework.security.web.access.ExceptionTranslationFilter@2f9dea84, org.springframework.security.web.access.intercept.FilterSecurityInterceptor@4452e534]
2020-08-28 19:13:39.477  INFO 6896 --- [restartedMain] o.s.s.web.DefaultSecurityFilterChain     : Creating filter chain: Ant [pattern='/interconnect/**'], [org.springframework.security.web.context.request.async.WebAsyncManagerIntegrationFilter@23a7cf84, org.springframework.security.web.context.SecurityContextPersistenceFilter@651b04c3, org.springframework.security.web.header.HeaderWriterFilter@5b71f06f, org.springframework.security.web.authentication.logout.LogoutFilter@1c04c08b, org.springframework.security.web.authentication.www.BasicAuthenticationFilter@46e66e19, org.springframework.security.web.savedrequest.RequestCacheAwareFilter@7f54ad87, org.springframework.security.web.servletapi.SecurityContextHolderAwareRequestFilter@2b72d88a, org.springframework.security.web.authentication.AnonymousAuthenticationFilter@7fd3968e, org.springframework.security.web.session.SessionManagementFilter@7d5ef444, org.springframework.security.web.access.ExceptionTranslationFilter@10115887, org.springframework.security.web.access.intercept.FilterSecurityInterceptor@321d9270]
2020-08-28 19:13:43.755  INFO 6896 --- [restartedMain] o.s.s.concurrent.ThreadPoolTaskExecutor  : Initializing ExecutorService 'taskExecutorUrgent'
2020-08-28 19:13:43.785  INFO 6896 --- [restartedMain] o.s.s.concurrent.ThreadPoolTaskExecutor  : Initializing ExecutorService 'fileMultipleUpload'
2020-08-28 19:13:46.658  WARN 6896 --- [restartedMain] ConfigServletWebServerApplicationContext : Exception encountered during context initialization - cancelling refresh attempt: org.springframework.context.ApplicationContextException: Failed to start bean 'webServerStartStop'; nested exception is org.springframework.boot.web.server.PortInUseException: Port 8080 is already in use
2020-08-28 19:13:46.683  INFO 6896 --- [restartedMain] o.s.s.concurrent.ThreadPoolTaskExecutor  : Shutting down ExecutorService 'fileMultipleUpload'
2020-08-28 19:13:46.685  INFO 6896 --- [restartedMain] o.s.s.concurrent.ThreadPoolTaskExecutor  : Shutting down ExecutorService 'taskExecutorUrgent'
2020-08-28 19:13:46.686  INFO 6896 --- [restartedMain] j.LocalContainerEntityManagerFactoryBean : Closing JPA EntityManagerFactory for persistence unit 'default'
2020-08-28 19:13:46.836  INFO 6896 --- [restartedMain] com.zaxxer.hikari.HikariDataSource       : HikariPool-1 - Shutdown initiated...
2020-08-28 19:13:46.870  INFO 6896 --- [restartedMain] com.zaxxer.hikari.HikariDataSource       : HikariPool-1 - Shutdown completed.
2020-08-28 19:13:46.903  INFO 6896 --- [restartedMain] o.apache.catalina.core.StandardService   : Stopping service [Tomcat]
2020-08-28 19:13:47.085  INFO 6896 --- [restartedMain] ConditionEvaluationReportLoggingListener : 

Error starting ApplicationContext. To display the conditions report re-run your application with 'debug' enabled.
2020-08-28 19:13:47.178 ERROR 6896 --- [restartedMain] o.s.b.d.LoggingFailureAnalysisReporter   : 

***************************
APPLICATION FAILED TO START
***************************

Description:

Web server failed to start. Port 8080 was already in use.

Action:

Identify and stop the process that's listening on port 8080 or configure this application to listen on another port.

2020-08-28 19:14:18.845  WARN 4072 --- [HikariPool-1 housekeeper] com.zaxxer.hikari.pool.HikariPool        : HikariPool-1 - Thread starvation or clock leap detected (housekeeper delta=53s530ms867µs943ns).
2020-08-28 21:18:24.815  INFO 6116 --- [restartedMain] com.example.demo.DemoApplication         : Starting DemoApplication on Asus with PID 6116 (C:\Users\User\IdeaProjects\springBootDemo\target\classes started by Grigor in C:\Users\User\IdeaProjects\springBootDemo)
2020-08-28 21:18:24.829  INFO 6116 --- [restartedMain] com.example.demo.DemoApplication         : No active profile set, falling back to default profiles: default
2020-08-28 21:18:25.051  INFO 6116 --- [restartedMain] .e.DevToolsPropertyDefaultsPostProcessor : Devtools property defaults active! Set 'spring.devtools.add-properties' to 'false' to disable
2020-08-28 21:18:25.055  INFO 6116 --- [restartedMain] .e.DevToolsPropertyDefaultsPostProcessor : For additional web related logging consider setting the 'logging.level.web' property to 'DEBUG'
2020-08-28 21:18:30.545  INFO 6116 --- [restartedMain] .s.d.r.c.RepositoryConfigurationDelegate : Bootstrapping Spring Data JPA repositories in DEFERRED mode.
2020-08-28 21:18:30.891  INFO 6116 --- [restartedMain] .s.d.r.c.RepositoryConfigurationDelegate : Finished Spring Data repository scanning in 324ms. Found 6 JPA repository interfaces.
2020-08-28 21:18:33.495  INFO 6116 --- [restartedMain] trationDelegate$BeanPostProcessorChecker : Bean 'org.springframework.security.access.expression.method.DefaultMethodSecurityExpressionHandler@700e6315' of type [org.springframework.security.access.expression.method.DefaultMethodSecurityExpressionHandler] is not eligible for getting processed by all BeanPostProcessors (for example: not eligible for auto-proxying)
2020-08-28 21:18:33.516  INFO 6116 --- [restartedMain] trationDelegate$BeanPostProcessorChecker : Bean 'methodSecurityMetadataSource' of type [org.springframework.security.access.method.DelegatingMethodSecurityMetadataSource] is not eligible for getting processed by all BeanPostProcessors (for example: not eligible for auto-proxying)
2020-08-28 21:18:35.603  INFO 6116 --- [restartedMain] o.s.b.w.embedded.tomcat.TomcatWebServer  : Tomcat initialized with port(s): 8080 (http)
2020-08-28 21:18:35.655  INFO 6116 --- [restartedMain] o.apache.catalina.core.StandardService   : Starting service [Tomcat]
2020-08-28 21:18:35.656  INFO 6116 --- [restartedMain] org.apache.catalina.core.StandardEngine  : Starting Servlet engine: [Apache Tomcat/9.0.37]
2020-08-28 21:18:35.884  INFO 6116 --- [restartedMain] o.a.c.c.C.[Tomcat].[localhost].[/]       : Initializing Spring embedded WebApplicationContext
2020-08-28 21:18:35.885  INFO 6116 --- [restartedMain] w.s.c.ServletWebServerApplicationContext : Root WebApplicationContext: initialization completed in 10829 ms
2020-08-28 21:18:36.579  INFO 6116 --- [restartedMain] o.hibernate.jpa.internal.util.LogHelper  : HHH000204: Processing PersistenceUnitInfo [name: default]
2020-08-28 21:18:36.719  INFO 6116 --- [restartedMain] org.hibernate.Version                    : HHH000412: Hibernate ORM core version 5.4.18.Final
2020-08-28 21:18:37.177  INFO 6116 --- [restartedMain] o.hibernate.annotations.common.Version   : HCANN000001: Hibernate Commons Annotations {5.1.0.Final}
2020-08-28 21:18:38.074  INFO 6116 --- [restartedMain] com.zaxxer.hikari.HikariDataSource       : HikariPool-1 - Starting...
2020-08-28 21:18:38.548  INFO 6116 --- [restartedMain] com.zaxxer.hikari.HikariDataSource       : HikariPool-1 - Start completed.
2020-08-28 21:18:38.608  INFO 6116 --- [restartedMain] org.hibernate.dialect.Dialect            : HHH000400: Using dialect: org.hibernate.dialect.MySQL57Dialect
2020-08-28 21:18:42.223  INFO 6116 --- [restartedMain] o.h.e.t.j.p.i.JtaPlatformInitiator       : HHH000490: Using JtaPlatform implementation: [org.hibernate.engine.transaction.jta.platform.internal.NoJtaPlatform]
2020-08-28 21:18:42.267  INFO 6116 --- [restartedMain] j.LocalContainerEntityManagerFactoryBean : Initialized JPA EntityManagerFactory for persistence unit 'default'
2020-08-28 21:18:42.442  WARN 6116 --- [restartedMain] o.s.b.d.a.OptionalLiveReloadServer       : Unable to start LiveReload server
2020-08-28 21:18:42.552  WARN 6116 --- [restartedMain] JpaBaseConfiguration$JpaWebConfiguration : spring.jpa.open-in-view is enabled by default. Therefore, database queries may be performed during view rendering. Explicitly configure spring.jpa.open-in-view to disable this warning
2020-08-28 21:18:47.465  INFO 6116 --- [restartedMain] o.s.s.web.DefaultSecurityFilterChain     : Creating filter chain: Ant [pattern='/adm/**'], [org.springframework.security.web.context.request.async.WebAsyncManagerIntegrationFilter@423f003d, org.springframework.security.web.context.SecurityContextPersistenceFilter@16ef77c8, org.springframework.security.web.header.HeaderWriterFilter@2116115b, org.springframework.security.web.authentication.logout.LogoutFilter@78c3beba, org.springframework.security.web.authentication.www.BasicAuthenticationFilter@47e84c95, org.springframework.security.web.savedrequest.RequestCacheAwareFilter@294cd7db, org.springframework.security.web.servletapi.SecurityContextHolderAwareRequestFilter@173220b6, org.springframework.security.web.authentication.AnonymousAuthenticationFilter@60b3800b, org.springframework.security.web.session.SessionManagementFilter@53223da0, org.springframework.security.web.access.ExceptionTranslationFilter@454bfa7d, org.springframework.security.web.access.intercept.FilterSecurityInterceptor@a81e556]
2020-08-28 21:18:47.484  INFO 6116 --- [restartedMain] o.s.s.web.DefaultSecurityFilterChain     : Creating filter chain: Ant [pattern='/api/**'], [org.springframework.security.web.context.request.async.WebAsyncManagerIntegrationFilter@7b8eeae7, org.springframework.security.web.context.SecurityContextPersistenceFilter@5a4d663f, org.springframework.security.web.header.HeaderWriterFilter@75dc6178, org.springframework.security.web.authentication.logout.LogoutFilter@2750e434, org.springframework.security.oauth2.provider.authentication.OAuth2AuthenticationProcessingFilter@2f3bf161, org.springframework.security.web.savedrequest.RequestCacheAwareFilter@3105535c, org.springframework.security.web.servletapi.SecurityContextHolderAwareRequestFilter@27c433a5, org.springframework.security.web.authentication.AnonymousAuthenticationFilter@24921f5c, org.springframework.security.web.session.SessionManagementFilter@3b64bd0, org.springframework.security.web.access.ExceptionTranslationFilter@3a8a3527, org.springframework.security.web.access.intercept.FilterSecurityInterceptor@5e63cc15]
2020-08-28 21:18:47.495  INFO 6116 --- [restartedMain] o.s.s.web.DefaultSecurityFilterChain     : Creating filter chain: Ant [pattern='/interconnect/**'], [org.springframework.security.web.context.request.async.WebAsyncManagerIntegrationFilter@9cee48f, org.springframework.security.web.context.SecurityContextPersistenceFilter@48fc04cf, org.springframework.security.web.header.HeaderWriterFilter@5a471ef4, org.springframework.security.web.authentication.logout.LogoutFilter@509e6d38, org.springframework.security.web.authentication.www.BasicAuthenticationFilter@2abc3d1d, org.springframework.security.web.savedrequest.RequestCacheAwareFilter@33c93224, org.springframework.security.web.servletapi.SecurityContextHolderAwareRequestFilter@519b3a17, org.springframework.security.web.authentication.AnonymousAuthenticationFilter@7bda4a9d, org.springframework.security.web.session.SessionManagementFilter@7a8a6a88, org.springframework.security.web.access.ExceptionTranslationFilter@49864915, org.springframework.security.web.access.intercept.FilterSecurityInterceptor@546206c5]
2020-08-28 21:18:48.047  INFO 6116 --- [restartedMain] o.s.s.concurrent.ThreadPoolTaskExecutor  : Initializing ExecutorService 'taskExecutorUrgent'
2020-08-28 21:18:48.055  INFO 6116 --- [restartedMain] o.s.s.concurrent.ThreadPoolTaskExecutor  : Initializing ExecutorService 'fileMultipleUpload'
2020-08-28 21:18:48.945  INFO 6116 --- [restartedMain] o.s.b.w.embedded.tomcat.TomcatWebServer  : Tomcat started on port(s): 8080 (http) with context path ''
2020-08-28 21:18:48.949  INFO 6116 --- [restartedMain] DeferredRepositoryInitializationListener : Triggering deferred initialization of Spring Data repositories…
2020-08-28 21:18:50.136  INFO 6116 --- [restartedMain] DeferredRepositoryInitializationListener : Spring Data repositories initialized!
2020-08-28 21:18:50.187  INFO 6116 --- [restartedMain] com.example.demo.DemoApplication         : Started DemoApplication in 27.57 seconds (JVM running for 44.4)
2020-08-28 22:10:33.189  INFO 6116 --- [http-nio-8080-exec-1] o.a.c.c.C.[Tomcat].[localhost].[/]       : Initializing Spring DispatcherServlet 'dispatcherServlet'
2020-08-28 22:10:33.203  INFO 6116 --- [http-nio-8080-exec-1] o.s.web.servlet.DispatcherServlet        : Initializing Servlet 'dispatcherServlet'
2020-08-28 22:10:33.490  INFO 6116 --- [http-nio-8080-exec-1] o.s.web.servlet.DispatcherServlet        : Completed initialization in 285 ms
2020-08-28 22:10:36.768  INFO 6116 --- [http-nio-8080-exec-1] c.e.demo.controller.AccountsController   : >>>register method:
2020-08-28 22:10:36.797  INFO 6116 --- [http-nio-8080-exec-1] c.e.demo.controller.AccountsController   : >>>user ip 0:0:0:0:0:0:0:1
2020-08-28 22:10:41.633  INFO 6116 --- [http-nio-8080-exec-1] c.e.demo.controller.AccountsController   : >>>reg is done:
2020-08-28 22:10:48.319 ERROR 6116 --- [taskExecutorUrgent-1] .a.i.SimpleAsyncUncaughtExceptionHandler : Unexpected exception occurred invoking async method: public void com.example.demo.util.component.MailSenderClient.sendSimpleMessage(java.lang.String,java.lang.String,java.lang.String)

org.springframework.mail.MailSendException: Failed messages: com.sun.mail.smtp.SMTPSendFailedException: 530 5.7.0 Must issue a STARTTLS command first. a74sm317303wme.11 - gsmtp

	at org.springframework.mail.javamail.JavaMailSenderImpl.doSend(JavaMailSenderImpl.java:491) ~[spring-context-support-5.2.8.RELEASE.jar:5.2.8.RELEASE]
	at org.springframework.mail.javamail.JavaMailSenderImpl.send(JavaMailSenderImpl.java:323) ~[spring-context-support-5.2.8.RELEASE.jar:5.2.8.RELEASE]
	at org.springframework.mail.javamail.JavaMailSenderImpl.send(JavaMailSenderImpl.java:312) ~[spring-context-support-5.2.8.RELEASE.jar:5.2.8.RELEASE]
	at com.example.demo.util.component.MailSenderClient.sendSimpleMessage(MailSenderClient.java:33) ~[classes/:na]
	at com.example.demo.util.component.MailSenderClient$$FastClassBySpringCGLIB$$d0e6695a.invoke(<generated>) ~[classes/:na]
	at org.springframework.cglib.proxy.MethodProxy.invoke(MethodProxy.java:218) ~[spring-core-5.2.8.RELEASE.jar:5.2.8.RELEASE]
	at org.springframework.aop.framework.CglibAopProxy$CglibMethodInvocation.invokeJoinpoint(CglibAopProxy.java:771) ~[spring-aop-5.2.8.RELEASE.jar:5.2.8.RELEASE]
	at org.springframework.aop.framework.ReflectiveMethodInvocation.proceed(ReflectiveMethodInvocation.java:163) ~[spring-aop-5.2.8.RELEASE.jar:5.2.8.RELEASE]
	at org.springframework.aop.framework.CglibAopProxy$CglibMethodInvocation.proceed(CglibAopProxy.java:749) ~[spring-aop-5.2.8.RELEASE.jar:5.2.8.RELEASE]
	at org.springframework.transaction.interceptor.TransactionAspectSupport.invokeWithinTransaction(TransactionAspectSupport.java:367) ~[spring-tx-5.2.8.RELEASE.jar:5.2.8.RELEASE]
	at org.springframework.transaction.interceptor.TransactionInterceptor.invoke(TransactionInterceptor.java:118) ~[spring-tx-5.2.8.RELEASE.jar:5.2.8.RELEASE]
	at org.springframework.aop.framework.ReflectiveMethodInvocation.proceed(ReflectiveMethodInvocation.java:186) ~[spring-aop-5.2.8.RELEASE.jar:5.2.8.RELEASE]
	at org.springframework.aop.framework.CglibAopProxy$CglibMethodInvocation.proceed(CglibAopProxy.java:749) ~[spring-aop-5.2.8.RELEASE.jar:5.2.8.RELEASE]
	at org.springframework.aop.interceptor.AsyncExecutionInterceptor.lambda$invoke$0(AsyncExecutionInterceptor.java:115) ~[spring-aop-5.2.8.RELEASE.jar:5.2.8.RELEASE]
	at java.util.concurrent.FutureTask.run(FutureTask.java:266) ~[na:1.8.0_251]
	at java.util.concurrent.ThreadPoolExecutor.runWorker(ThreadPoolExecutor.java:1149) ~[na:1.8.0_251]
	at java.util.concurrent.ThreadPoolExecutor$Worker.run(ThreadPoolExecutor.java:624) ~[na:1.8.0_251]
	at java.lang.Thread.run(Thread.java:748) ~[na:1.8.0_251]

2020-08-28 22:11:24.243  INFO 6116 --- [http-nio-8080-exec-3] c.e.demo.controller.AccountsController   : >>>register method:
2020-08-28 22:11:24.245  INFO 6116 --- [http-nio-8080-exec-3] c.e.demo.controller.AccountsController   : >>>user ip 0:0:0:0:0:0:0:1
2020-08-28 22:11:24.439  INFO 6116 --- [http-nio-8080-exec-3] c.e.demo.controller.AccountsController   : >>>reg is done:
2020-08-28 22:11:24.956 ERROR 6116 --- [taskExecutorUrgent-2] .a.i.SimpleAsyncUncaughtExceptionHandler : Unexpected exception occurred invoking async method: public void com.example.demo.util.component.MailSenderClient.sendSimpleMessage(java.lang.String,java.lang.String,java.lang.String)

org.springframework.mail.MailSendException: Failed messages: com.sun.mail.smtp.SMTPSendFailedException: 530 5.7.0 Must issue a STARTTLS command first. c206sm226006wmf.47 - gsmtp

	at org.springframework.mail.javamail.JavaMailSenderImpl.doSend(JavaMailSenderImpl.java:491) ~[spring-context-support-5.2.8.RELEASE.jar:5.2.8.RELEASE]
	at org.springframework.mail.javamail.JavaMailSenderImpl.send(JavaMailSenderImpl.java:323) ~[spring-context-support-5.2.8.RELEASE.jar:5.2.8.RELEASE]
	at org.springframework.mail.javamail.JavaMailSenderImpl.send(JavaMailSenderImpl.java:312) ~[spring-context-support-5.2.8.RELEASE.jar:5.2.8.RELEASE]
	at com.example.demo.util.component.MailSenderClient.sendSimpleMessage(MailSenderClient.java:33) ~[classes/:na]
	at com.example.demo.util.component.MailSenderClient$$FastClassBySpringCGLIB$$d0e6695a.invoke(<generated>) ~[classes/:na]
	at org.springframework.cglib.proxy.MethodProxy.invoke(MethodProxy.java:218) ~[spring-core-5.2.8.RELEASE.jar:5.2.8.RELEASE]
	at org.springframework.aop.framework.CglibAopProxy$CglibMethodInvocation.invokeJoinpoint(CglibAopProxy.java:771) ~[spring-aop-5.2.8.RELEASE.jar:5.2.8.RELEASE]
	at org.springframework.aop.framework.ReflectiveMethodInvocation.proceed(ReflectiveMethodInvocation.java:163) ~[spring-aop-5.2.8.RELEASE.jar:5.2.8.RELEASE]
	at org.springframework.aop.framework.CglibAopProxy$CglibMethodInvocation.proceed(CglibAopProxy.java:749) ~[spring-aop-5.2.8.RELEASE.jar:5.2.8.RELEASE]
	at org.springframework.transaction.interceptor.TransactionAspectSupport.invokeWithinTransaction(TransactionAspectSupport.java:367) ~[spring-tx-5.2.8.RELEASE.jar:5.2.8.RELEASE]
	at org.springframework.transaction.interceptor.TransactionInterceptor.invoke(TransactionInterceptor.java:118) ~[spring-tx-5.2.8.RELEASE.jar:5.2.8.RELEASE]
	at org.springframework.aop.framework.ReflectiveMethodInvocation.proceed(ReflectiveMethodInvocation.java:186) ~[spring-aop-5.2.8.RELEASE.jar:5.2.8.RELEASE]
	at org.springframework.aop.framework.CglibAopProxy$CglibMethodInvocation.proceed(CglibAopProxy.java:749) ~[spring-aop-5.2.8.RELEASE.jar:5.2.8.RELEASE]
	at org.springframework.aop.interceptor.AsyncExecutionInterceptor.lambda$invoke$0(AsyncExecutionInterceptor.java:115) ~[spring-aop-5.2.8.RELEASE.jar:5.2.8.RELEASE]
	at java.util.concurrent.FutureTask.run(FutureTask.java:266) ~[na:1.8.0_251]
	at java.util.concurrent.ThreadPoolExecutor.runWorker(ThreadPoolExecutor.java:1149) ~[na:1.8.0_251]
	at java.util.concurrent.ThreadPoolExecutor$Worker.run(ThreadPoolExecutor.java:624) ~[na:1.8.0_251]
	at java.lang.Thread.run(Thread.java:748) ~[na:1.8.0_251]

2020-08-28 22:11:54.537  INFO 6116 --- [http-nio-8080-exec-6] c.e.demo.controller.AccountsController   : >>>register method:
2020-08-28 22:11:54.540  INFO 6116 --- [http-nio-8080-exec-6] c.e.demo.controller.AccountsController   : >>>user ip 0:0:0:0:0:0:0:1
2020-08-28 22:11:54.764  INFO 6116 --- [http-nio-8080-exec-6] c.e.demo.controller.AccountsController   : >>>reg is done:
2020-08-28 22:11:55.515 ERROR 6116 --- [taskExecutorUrgent-3] .a.i.SimpleAsyncUncaughtExceptionHandler : Unexpected exception occurred invoking async method: public void com.example.demo.util.component.MailSenderClient.sendSimpleMessage(java.lang.String,java.lang.String,java.lang.String)

org.springframework.mail.MailSendException: Failed messages: com.sun.mail.smtp.SMTPSendFailedException: 530 5.7.0 Must issue a STARTTLS command first. u6sm290209wrn.95 - gsmtp

	at org.springframework.mail.javamail.JavaMailSenderImpl.doSend(JavaMailSenderImpl.java:491) ~[spring-context-support-5.2.8.RELEASE.jar:5.2.8.RELEASE]
	at org.springframework.mail.javamail.JavaMailSenderImpl.send(JavaMailSenderImpl.java:323) ~[spring-context-support-5.2.8.RELEASE.jar:5.2.8.RELEASE]
	at org.springframework.mail.javamail.JavaMailSenderImpl.send(JavaMailSenderImpl.java:312) ~[spring-context-support-5.2.8.RELEASE.jar:5.2.8.RELEASE]
	at com.example.demo.util.component.MailSenderClient.sendSimpleMessage(MailSenderClient.java:33) ~[classes/:na]
	at com.example.demo.util.component.MailSenderClient$$FastClassBySpringCGLIB$$d0e6695a.invoke(<generated>) ~[classes/:na]
	at org.springframework.cglib.proxy.MethodProxy.invoke(MethodProxy.java:218) ~[spring-core-5.2.8.RELEASE.jar:5.2.8.RELEASE]
	at org.springframework.aop.framework.CglibAopProxy$CglibMethodInvocation.invokeJoinpoint(CglibAopProxy.java:771) ~[spring-aop-5.2.8.RELEASE.jar:5.2.8.RELEASE]
	at org.springframework.aop.framework.ReflectiveMethodInvocation.proceed(ReflectiveMethodInvocation.java:163) ~[spring-aop-5.2.8.RELEASE.jar:5.2.8.RELEASE]
	at org.springframework.aop.framework.CglibAopProxy$CglibMethodInvocation.proceed(CglibAopProxy.java:749) ~[spring-aop-5.2.8.RELEASE.jar:5.2.8.RELEASE]
	at org.springframework.transaction.interceptor.TransactionAspectSupport.invokeWithinTransaction(TransactionAspectSupport.java:367) ~[spring-tx-5.2.8.RELEASE.jar:5.2.8.RELEASE]
	at org.springframework.transaction.interceptor.TransactionInterceptor.invoke(TransactionInterceptor.java:118) ~[spring-tx-5.2.8.RELEASE.jar:5.2.8.RELEASE]
	at org.springframework.aop.framework.ReflectiveMethodInvocation.proceed(ReflectiveMethodInvocation.java:186) ~[spring-aop-5.2.8.RELEASE.jar:5.2.8.RELEASE]
	at org.springframework.aop.framework.CglibAopProxy$CglibMethodInvocation.proceed(CglibAopProxy.java:749) ~[spring-aop-5.2.8.RELEASE.jar:5.2.8.RELEASE]
	at org.springframework.aop.interceptor.AsyncExecutionInterceptor.lambda$invoke$0(AsyncExecutionInterceptor.java:115) ~[spring-aop-5.2.8.RELEASE.jar:5.2.8.RELEASE]
	at java.util.concurrent.FutureTask.run(FutureTask.java:266) ~[na:1.8.0_251]
	at java.util.concurrent.ThreadPoolExecutor.runWorker(ThreadPoolExecutor.java:1149) ~[na:1.8.0_251]
	at java.util.concurrent.ThreadPoolExecutor$Worker.run(ThreadPoolExecutor.java:624) ~[na:1.8.0_251]
	at java.lang.Thread.run(Thread.java:748) ~[na:1.8.0_251]

2020-08-28 22:21:59.587  INFO 6116 --- [http-nio-8080-exec-9] c.e.demo.controller.AccountsController   : >>>register method:
2020-08-28 22:21:59.681  INFO 6116 --- [http-nio-8080-exec-9] c.e.demo.controller.AccountsController   : >>>user ip 0:0:0:0:0:0:0:1
2020-08-28 22:21:59.876  INFO 6116 --- [http-nio-8080-exec-9] c.e.demo.controller.AccountsController   : >>>reg is done:
2020-08-28 22:22:00.456 ERROR 6116 --- [taskExecutorUrgent-4] .a.i.SimpleAsyncUncaughtExceptionHandler : Unexpected exception occurred invoking async method: public void com.example.demo.util.component.MailSenderClient.sendSimpleMessage(java.lang.String,java.lang.String,java.lang.String)

org.springframework.mail.MailSendException: Failed messages: com.sun.mail.smtp.SMTPSendFailedException: 530 5.7.0 Must issue a STARTTLS command first. y16sm408357wrp.48 - gsmtp

	at org.springframework.mail.javamail.JavaMailSenderImpl.doSend(JavaMailSenderImpl.java:491) ~[spring-context-support-5.2.8.RELEASE.jar:5.2.8.RELEASE]
	at org.springframework.mail.javamail.JavaMailSenderImpl.send(JavaMailSenderImpl.java:323) ~[spring-context-support-5.2.8.RELEASE.jar:5.2.8.RELEASE]
	at org.springframework.mail.javamail.JavaMailSenderImpl.send(JavaMailSenderImpl.java:312) ~[spring-context-support-5.2.8.RELEASE.jar:5.2.8.RELEASE]
	at com.example.demo.util.component.MailSenderClient.sendSimpleMessage(MailSenderClient.java:33) ~[classes/:na]
	at com.example.demo.util.component.MailSenderClient$$FastClassBySpringCGLIB$$d0e6695a.invoke(<generated>) ~[classes/:na]
	at org.springframework.cglib.proxy.MethodProxy.invoke(MethodProxy.java:218) ~[spring-core-5.2.8.RELEASE.jar:5.2.8.RELEASE]
	at org.springframework.aop.framework.CglibAopProxy$CglibMethodInvocation.invokeJoinpoint(CglibAopProxy.java:771) ~[spring-aop-5.2.8.RELEASE.jar:5.2.8.RELEASE]
	at org.springframework.aop.framework.ReflectiveMethodInvocation.proceed(ReflectiveMethodInvocation.java:163) ~[spring-aop-5.2.8.RELEASE.jar:5.2.8.RELEASE]
	at org.springframework.aop.framework.CglibAopProxy$CglibMethodInvocation.proceed(CglibAopProxy.java:749) ~[spring-aop-5.2.8.RELEASE.jar:5.2.8.RELEASE]
	at org.springframework.transaction.interceptor.TransactionAspectSupport.invokeWithinTransaction(TransactionAspectSupport.java:367) ~[spring-tx-5.2.8.RELEASE.jar:5.2.8.RELEASE]
	at org.springframework.transaction.interceptor.TransactionInterceptor.invoke(TransactionInterceptor.java:118) ~[spring-tx-5.2.8.RELEASE.jar:5.2.8.RELEASE]
	at org.springframework.aop.framework.ReflectiveMethodInvocation.proceed(ReflectiveMethodInvocation.java:186) ~[spring-aop-5.2.8.RELEASE.jar:5.2.8.RELEASE]
	at org.springframework.aop.framework.CglibAopProxy$CglibMethodInvocation.proceed(CglibAopProxy.java:749) ~[spring-aop-5.2.8.RELEASE.jar:5.2.8.RELEASE]
	at org.springframework.aop.interceptor.AsyncExecutionInterceptor.lambda$invoke$0(AsyncExecutionInterceptor.java:115) ~[spring-aop-5.2.8.RELEASE.jar:5.2.8.RELEASE]
	at java.util.concurrent.FutureTask.run(FutureTask.java:266) ~[na:1.8.0_251]
	at java.util.concurrent.ThreadPoolExecutor.runWorker(ThreadPoolExecutor.java:1149) ~[na:1.8.0_251]
	at java.util.concurrent.ThreadPoolExecutor$Worker.run(ThreadPoolExecutor.java:624) ~[na:1.8.0_251]
	at java.lang.Thread.run(Thread.java:748) ~[na:1.8.0_251]

2020-08-28 22:23:47.400  INFO 6116 --- [http-nio-8080-exec-10] c.e.demo.controller.AccountsController   : >>>register method:
2020-08-28 22:23:47.402  INFO 6116 --- [http-nio-8080-exec-10] c.e.demo.controller.AccountsController   : >>>user ip 0:0:0:0:0:0:0:1
2020-08-28 22:23:47.734  INFO 6116 --- [http-nio-8080-exec-10] c.e.demo.controller.AccountsController   : >>>reg is done:
2020-08-28 22:23:48.205 ERROR 6116 --- [taskExecutorUrgent-5] .a.i.SimpleAsyncUncaughtExceptionHandler : Unexpected exception occurred invoking async method: public void com.example.demo.util.component.MailSenderClient.sendSimpleMessage(java.lang.String,java.lang.String,java.lang.String)

org.springframework.mail.MailSendException: Failed messages: com.sun.mail.smtp.SMTPSendFailedException: 530 5.7.0 Must issue a STARTTLS command first. a8sm401397wrh.86 - gsmtp

	at org.springframework.mail.javamail.JavaMailSenderImpl.doSend(JavaMailSenderImpl.java:491) ~[spring-context-support-5.2.8.RELEASE.jar:5.2.8.RELEASE]
	at org.springframework.mail.javamail.JavaMailSenderImpl.send(JavaMailSenderImpl.java:323) ~[spring-context-support-5.2.8.RELEASE.jar:5.2.8.RELEASE]
	at org.springframework.mail.javamail.JavaMailSenderImpl.send(JavaMailSenderImpl.java:312) ~[spring-context-support-5.2.8.RELEASE.jar:5.2.8.RELEASE]
	at com.example.demo.util.component.MailSenderClient.sendSimpleMessage(MailSenderClient.java:33) ~[classes/:na]
	at com.example.demo.util.component.MailSenderClient$$FastClassBySpringCGLIB$$d0e6695a.invoke(<generated>) ~[classes/:na]
	at org.springframework.cglib.proxy.MethodProxy.invoke(MethodProxy.java:218) ~[spring-core-5.2.8.RELEASE.jar:5.2.8.RELEASE]
	at org.springframework.aop.framework.CglibAopProxy$CglibMethodInvocation.invokeJoinpoint(CglibAopProxy.java:771) ~[spring-aop-5.2.8.RELEASE.jar:5.2.8.RELEASE]
	at org.springframework.aop.framework.ReflectiveMethodInvocation.proceed(ReflectiveMethodInvocation.java:163) ~[spring-aop-5.2.8.RELEASE.jar:5.2.8.RELEASE]
	at org.springframework.aop.framework.CglibAopProxy$CglibMethodInvocation.proceed(CglibAopProxy.java:749) ~[spring-aop-5.2.8.RELEASE.jar:5.2.8.RELEASE]
	at org.springframework.transaction.interceptor.TransactionAspectSupport.invokeWithinTransaction(TransactionAspectSupport.java:367) ~[spring-tx-5.2.8.RELEASE.jar:5.2.8.RELEASE]
	at org.springframework.transaction.interceptor.TransactionInterceptor.invoke(TransactionInterceptor.java:118) ~[spring-tx-5.2.8.RELEASE.jar:5.2.8.RELEASE]
	at org.springframework.aop.framework.ReflectiveMethodInvocation.proceed(ReflectiveMethodInvocation.java:186) ~[spring-aop-5.2.8.RELEASE.jar:5.2.8.RELEASE]
	at org.springframework.aop.framework.CglibAopProxy$CglibMethodInvocation.proceed(CglibAopProxy.java:749) ~[spring-aop-5.2.8.RELEASE.jar:5.2.8.RELEASE]
	at org.springframework.aop.interceptor.AsyncExecutionInterceptor.lambda$invoke$0(AsyncExecutionInterceptor.java:115) ~[spring-aop-5.2.8.RELEASE.jar:5.2.8.RELEASE]
	at java.util.concurrent.FutureTask.run(FutureTask.java:266) ~[na:1.8.0_251]
	at java.util.concurrent.ThreadPoolExecutor.runWorker(ThreadPoolExecutor.java:1149) ~[na:1.8.0_251]
	at java.util.concurrent.ThreadPoolExecutor$Worker.run(ThreadPoolExecutor.java:624) ~[na:1.8.0_251]
	at java.lang.Thread.run(Thread.java:748) ~[na:1.8.0_251]

2020-08-28 23:31:12.879  INFO 6116 --- [http-nio-8080-exec-1] c.e.demo.controller.AccountsController   : >>>register method:
2020-08-28 23:31:14.008  INFO 6116 --- [http-nio-8080-exec-1] c.e.demo.controller.AccountsController   : >>>user ip 0:0:0:0:0:0:0:1
2020-08-28 23:31:18.421  INFO 6116 --- [http-nio-8080-exec-2] c.e.demo.controller.AccountsController   : >>>register method:
2020-08-28 23:31:18.492  INFO 6116 --- [http-nio-8080-exec-2] c.e.demo.controller.AccountsController   : >>>user ip 0:0:0:0:0:0:0:1
2020-08-28 23:31:27.061  INFO 6116 --- [http-nio-8080-exec-1] c.e.d.c.a.ExceptionToStatusConverter     : >>>duplicate.user:
2020-08-28 23:31:27.066  INFO 6116 --- [http-nio-8080-exec-2] c.e.d.c.a.ExceptionToStatusConverter     : >>>duplicate.user:
2020-08-28 23:31:28.457  WARN 6116 --- [http-nio-8080-exec-2] .m.m.a.ExceptionHandlerExceptionResolver : Resolved [com.example.demo.util.exception.user.userException.DuplicateUserException: duplicate.user]
2020-08-28 23:31:28.457  WARN 6116 --- [http-nio-8080-exec-1] .m.m.a.ExceptionHandlerExceptionResolver : Resolved [com.example.demo.util.exception.user.userException.DuplicateUserException: duplicate.user]
2020-08-28 23:31:47.553  INFO 6116 --- [http-nio-8080-exec-4] c.e.demo.controller.AccountsController   : >>>register method:
2020-08-28 23:31:47.711  INFO 6116 --- [http-nio-8080-exec-4] c.e.demo.controller.AccountsController   : >>>user ip 0:0:0:0:0:0:0:1
2020-08-28 23:31:49.961  INFO 6116 --- [http-nio-8080-exec-4] c.e.demo.controller.AccountsController   : >>>reg is done:
2020-08-28 23:31:52.201 ERROR 6116 --- [taskExecutorUrgent-6] .a.i.SimpleAsyncUncaughtExceptionHandler : Unexpected exception occurred invoking async method: public void com.example.demo.util.component.MailSenderClient.sendSimpleMessage(java.lang.String,java.lang.String,java.lang.String)

org.springframework.mail.MailSendException: Mail server connection failed; nested exception is com.sun.mail.util.MailConnectException: Couldn't connect to host, port: smtp.gmail.com, 587; timeout -1;
  nested exception is:
	java.net.UnknownHostException: smtp.gmail.com. Failed messages: com.sun.mail.util.MailConnectException: Couldn't connect to host, port: smtp.gmail.com, 587; timeout -1;
  nested exception is:
	java.net.UnknownHostException: smtp.gmail.com
	at org.springframework.mail.javamail.JavaMailSenderImpl.doSend(JavaMailSenderImpl.java:448) ~[spring-context-support-5.2.8.RELEASE.jar:5.2.8.RELEASE]
	at org.springframework.mail.javamail.JavaMailSenderImpl.send(JavaMailSenderImpl.java:323) ~[spring-context-support-5.2.8.RELEASE.jar:5.2.8.RELEASE]
	at org.springframework.mail.javamail.JavaMailSenderImpl.send(JavaMailSenderImpl.java:312) ~[spring-context-support-5.2.8.RELEASE.jar:5.2.8.RELEASE]
	at com.example.demo.util.component.MailSenderClient.sendSimpleMessage(MailSenderClient.java:33) ~[classes/:na]
	at com.example.demo.util.component.MailSenderClient$$FastClassBySpringCGLIB$$d0e6695a.invoke(<generated>) ~[classes/:na]
	at org.springframework.cglib.proxy.MethodProxy.invoke(MethodProxy.java:218) ~[spring-core-5.2.8.RELEASE.jar:5.2.8.RELEASE]
	at org.springframework.aop.framework.CglibAopProxy$CglibMethodInvocation.invokeJoinpoint(CglibAopProxy.java:771) ~[spring-aop-5.2.8.RELEASE.jar:5.2.8.RELEASE]
	at org.springframework.aop.framework.ReflectiveMethodInvocation.proceed(ReflectiveMethodInvocation.java:163) ~[spring-aop-5.2.8.RELEASE.jar:5.2.8.RELEASE]
	at org.springframework.aop.framework.CglibAopProxy$CglibMethodInvocation.proceed(CglibAopProxy.java:749) ~[spring-aop-5.2.8.RELEASE.jar:5.2.8.RELEASE]
	at org.springframework.transaction.interceptor.TransactionAspectSupport.invokeWithinTransaction(TransactionAspectSupport.java:367) ~[spring-tx-5.2.8.RELEASE.jar:5.2.8.RELEASE]
	at org.springframework.transaction.interceptor.TransactionInterceptor.invoke(TransactionInterceptor.java:118) ~[spring-tx-5.2.8.RELEASE.jar:5.2.8.RELEASE]
	at org.springframework.aop.framework.ReflectiveMethodInvocation.proceed(ReflectiveMethodInvocation.java:186) ~[spring-aop-5.2.8.RELEASE.jar:5.2.8.RELEASE]
	at org.springframework.aop.framework.CglibAopProxy$CglibMethodInvocation.proceed(CglibAopProxy.java:749) ~[spring-aop-5.2.8.RELEASE.jar:5.2.8.RELEASE]
	at org.springframework.aop.interceptor.AsyncExecutionInterceptor.lambda$invoke$0(AsyncExecutionInterceptor.java:115) ~[spring-aop-5.2.8.RELEASE.jar:5.2.8.RELEASE]
	at java.util.concurrent.FutureTask.run(FutureTask.java:266) ~[na:1.8.0_251]
	at java.util.concurrent.ThreadPoolExecutor.runWorker(ThreadPoolExecutor.java:1149) ~[na:1.8.0_251]
	at java.util.concurrent.ThreadPoolExecutor$Worker.run(ThreadPoolExecutor.java:624) ~[na:1.8.0_251]
	at java.lang.Thread.run(Thread.java:748) ~[na:1.8.0_251]
Caused by: com.sun.mail.util.MailConnectException: Couldn't connect to host, port: smtp.gmail.com, 587; timeout -1
	at com.sun.mail.smtp.SMTPTransport.openServer(SMTPTransport.java:2210) ~[jakarta.mail-1.6.5.jar:1.6.5]
	at com.sun.mail.smtp.SMTPTransport.protocolConnect(SMTPTransport.java:722) ~[jakarta.mail-1.6.5.jar:1.6.5]
	at javax.mail.Service.connect(Service.java:342) ~[jakarta.mail-1.6.5.jar:1.6.5]
	at org.springframework.mail.javamail.JavaMailSenderImpl.connectTransport(JavaMailSenderImpl.java:518) ~[spring-context-support-5.2.8.RELEASE.jar:5.2.8.RELEASE]
	at org.springframework.mail.javamail.JavaMailSenderImpl.doSend(JavaMailSenderImpl.java:437) ~[spring-context-support-5.2.8.RELEASE.jar:5.2.8.RELEASE]
	... 17 common frames omitted
Caused by: java.net.UnknownHostException: smtp.gmail.com
	at java.net.AbstractPlainSocketImpl.connect(AbstractPlainSocketImpl.java:184) ~[na:1.8.0_251]
	at java.net.PlainSocketImpl.connect(PlainSocketImpl.java:172) ~[na:1.8.0_251]
	at java.net.SocksSocketImpl.connect(SocksSocketImpl.java:392) ~[na:1.8.0_251]
	at java.net.Socket.connect(Socket.java:606) ~[na:1.8.0_251]
	at java.net.Socket.connect(Socket.java:555) ~[na:1.8.0_251]
	at com.sun.mail.util.SocketFetcher.createSocket(SocketFetcher.java:335) ~[jakarta.mail-1.6.5.jar:1.6.5]
	at com.sun.mail.util.SocketFetcher.getSocket(SocketFetcher.java:214) ~[jakarta.mail-1.6.5.jar:1.6.5]
	at com.sun.mail.smtp.SMTPTransport.openServer(SMTPTransport.java:2160) ~[jakarta.mail-1.6.5.jar:1.6.5]
	... 21 common frames omitted

2020-08-28 23:32:41.574  INFO 6116 --- [http-nio-8080-exec-7] c.e.demo.controller.AccountsController   : >>>register method:
2020-08-28 23:32:41.629  INFO 6116 --- [http-nio-8080-exec-7] c.e.demo.controller.AccountsController   : >>>user ip 0:0:0:0:0:0:0:1
2020-08-28 23:32:41.733  INFO 6116 --- [http-nio-8080-exec-7] c.e.demo.controller.AccountsController   : >>>reg is done:
2020-08-28 23:32:41.790 ERROR 6116 --- [taskExecutorUrgent-7] .a.i.SimpleAsyncUncaughtExceptionHandler : Unexpected exception occurred invoking async method: public void com.example.demo.util.component.MailSenderClient.sendSimpleMessage(java.lang.String,java.lang.String,java.lang.String)

org.springframework.mail.MailSendException: Mail server connection failed; nested exception is com.sun.mail.util.MailConnectException: Couldn't connect to host, port: smtp.gmail.com, 587; timeout -1;
  nested exception is:
	java.net.UnknownHostException: smtp.gmail.com. Failed messages: com.sun.mail.util.MailConnectException: Couldn't connect to host, port: smtp.gmail.com, 587; timeout -1;
  nested exception is:
	java.net.UnknownHostException: smtp.gmail.com
	at org.springframework.mail.javamail.JavaMailSenderImpl.doSend(JavaMailSenderImpl.java:448) ~[spring-context-support-5.2.8.RELEASE.jar:5.2.8.RELEASE]
	at org.springframework.mail.javamail.JavaMailSenderImpl.send(JavaMailSenderImpl.java:323) ~[spring-context-support-5.2.8.RELEASE.jar:5.2.8.RELEASE]
	at org.springframework.mail.javamail.JavaMailSenderImpl.send(JavaMailSenderImpl.java:312) ~[spring-context-support-5.2.8.RELEASE.jar:5.2.8.RELEASE]
	at com.example.demo.util.component.MailSenderClient.sendSimpleMessage(MailSenderClient.java:33) ~[classes/:na]
	at com.example.demo.util.component.MailSenderClient$$FastClassBySpringCGLIB$$d0e6695a.invoke(<generated>) ~[classes/:na]
	at org.springframework.cglib.proxy.MethodProxy.invoke(MethodProxy.java:218) ~[spring-core-5.2.8.RELEASE.jar:5.2.8.RELEASE]
	at org.springframework.aop.framework.CglibAopProxy$CglibMethodInvocation.invokeJoinpoint(CglibAopProxy.java:771) ~[spring-aop-5.2.8.RELEASE.jar:5.2.8.RELEASE]
	at org.springframework.aop.framework.ReflectiveMethodInvocation.proceed(ReflectiveMethodInvocation.java:163) ~[spring-aop-5.2.8.RELEASE.jar:5.2.8.RELEASE]
	at org.springframework.aop.framework.CglibAopProxy$CglibMethodInvocation.proceed(CglibAopProxy.java:749) ~[spring-aop-5.2.8.RELEASE.jar:5.2.8.RELEASE]
	at org.springframework.transaction.interceptor.TransactionAspectSupport.invokeWithinTransaction(TransactionAspectSupport.java:367) ~[spring-tx-5.2.8.RELEASE.jar:5.2.8.RELEASE]
	at org.springframework.transaction.interceptor.TransactionInterceptor.invoke(TransactionInterceptor.java:118) ~[spring-tx-5.2.8.RELEASE.jar:5.2.8.RELEASE]
	at org.springframework.aop.framework.ReflectiveMethodInvocation.proceed(ReflectiveMethodInvocation.java:186) ~[spring-aop-5.2.8.RELEASE.jar:5.2.8.RELEASE]
	at org.springframework.aop.framework.CglibAopProxy$CglibMethodInvocation.proceed(CglibAopProxy.java:749) ~[spring-aop-5.2.8.RELEASE.jar:5.2.8.RELEASE]
	at org.springframework.aop.interceptor.AsyncExecutionInterceptor.lambda$invoke$0(AsyncExecutionInterceptor.java:115) ~[spring-aop-5.2.8.RELEASE.jar:5.2.8.RELEASE]
	at java.util.concurrent.FutureTask.run(FutureTask.java:266) ~[na:1.8.0_251]
	at java.util.concurrent.ThreadPoolExecutor.runWorker(ThreadPoolExecutor.java:1149) ~[na:1.8.0_251]
	at java.util.concurrent.ThreadPoolExecutor$Worker.run(ThreadPoolExecutor.java:624) ~[na:1.8.0_251]
	at java.lang.Thread.run(Thread.java:748) ~[na:1.8.0_251]
Caused by: com.sun.mail.util.MailConnectException: Couldn't connect to host, port: smtp.gmail.com, 587; timeout -1
	at com.sun.mail.smtp.SMTPTransport.openServer(SMTPTransport.java:2210) ~[jakarta.mail-1.6.5.jar:1.6.5]
	at com.sun.mail.smtp.SMTPTransport.protocolConnect(SMTPTransport.java:722) ~[jakarta.mail-1.6.5.jar:1.6.5]
	at javax.mail.Service.connect(Service.java:342) ~[jakarta.mail-1.6.5.jar:1.6.5]
	at org.springframework.mail.javamail.JavaMailSenderImpl.connectTransport(JavaMailSenderImpl.java:518) ~[spring-context-support-5.2.8.RELEASE.jar:5.2.8.RELEASE]
	at org.springframework.mail.javamail.JavaMailSenderImpl.doSend(JavaMailSenderImpl.java:437) ~[spring-context-support-5.2.8.RELEASE.jar:5.2.8.RELEASE]
	... 17 common frames omitted
Caused by: java.net.UnknownHostException: smtp.gmail.com
	at java.net.AbstractPlainSocketImpl.connect(AbstractPlainSocketImpl.java:184) ~[na:1.8.0_251]
	at java.net.PlainSocketImpl.connect(PlainSocketImpl.java:172) ~[na:1.8.0_251]
	at java.net.SocksSocketImpl.connect(SocksSocketImpl.java:392) ~[na:1.8.0_251]
	at java.net.Socket.connect(Socket.java:606) ~[na:1.8.0_251]
	at java.net.Socket.connect(Socket.java:555) ~[na:1.8.0_251]
	at com.sun.mail.util.SocketFetcher.createSocket(SocketFetcher.java:335) ~[jakarta.mail-1.6.5.jar:1.6.5]
	at com.sun.mail.util.SocketFetcher.getSocket(SocketFetcher.java:214) ~[jakarta.mail-1.6.5.jar:1.6.5]
	at com.sun.mail.smtp.SMTPTransport.openServer(SMTPTransport.java:2160) ~[jakarta.mail-1.6.5.jar:1.6.5]
	... 21 common frames omitted

2020-08-28 23:33:05.637  INFO 6116 --- [http-nio-8080-exec-8] c.e.demo.controller.AccountsController   : >>>register method:
2020-08-28 23:33:05.684  INFO 6116 --- [http-nio-8080-exec-8] c.e.demo.controller.AccountsController   : >>>user ip 0:0:0:0:0:0:0:1
2020-08-28 23:33:06.397  INFO 6116 --- [http-nio-8080-exec-8] c.e.demo.controller.AccountsController   : >>>reg is done:
2020-08-28 23:33:06.346 ERROR 6116 --- [taskExecutorUrgent-8] .a.i.SimpleAsyncUncaughtExceptionHandler : Unexpected exception occurred invoking async method: public void com.example.demo.util.component.MailSenderClient.sendSimpleMessage(java.lang.String,java.lang.String,java.lang.String)

org.springframework.mail.MailSendException: Mail server connection failed; nested exception is com.sun.mail.util.MailConnectException: Couldn't connect to host, port: smtp.gmail.com, 587; timeout -1;
  nested exception is:
	java.net.UnknownHostException: smtp.gmail.com. Failed messages: com.sun.mail.util.MailConnectException: Couldn't connect to host, port: smtp.gmail.com, 587; timeout -1;
  nested exception is:
	java.net.UnknownHostException: smtp.gmail.com
	at org.springframework.mail.javamail.JavaMailSenderImpl.doSend(JavaMailSenderImpl.java:448) ~[spring-context-support-5.2.8.RELEASE.jar:5.2.8.RELEASE]
	at org.springframework.mail.javamail.JavaMailSenderImpl.send(JavaMailSenderImpl.java:323) ~[spring-context-support-5.2.8.RELEASE.jar:5.2.8.RELEASE]
	at org.springframework.mail.javamail.JavaMailSenderImpl.send(JavaMailSenderImpl.java:312) ~[spring-context-support-5.2.8.RELEASE.jar:5.2.8.RELEASE]
	at com.example.demo.util.component.MailSenderClient.sendSimpleMessage(MailSenderClient.java:33) ~[classes/:na]
	at com.example.demo.util.component.MailSenderClient$$FastClassBySpringCGLIB$$d0e6695a.invoke(<generated>) ~[classes/:na]
	at org.springframework.cglib.proxy.MethodProxy.invoke(MethodProxy.java:218) ~[spring-core-5.2.8.RELEASE.jar:5.2.8.RELEASE]
	at org.springframework.aop.framework.CglibAopProxy$CglibMethodInvocation.invokeJoinpoint(CglibAopProxy.java:771) ~[spring-aop-5.2.8.RELEASE.jar:5.2.8.RELEASE]
	at org.springframework.aop.framework.ReflectiveMethodInvocation.proceed(ReflectiveMethodInvocation.java:163) ~[spring-aop-5.2.8.RELEASE.jar:5.2.8.RELEASE]
	at org.springframework.aop.framework.CglibAopProxy$CglibMethodInvocation.proceed(CglibAopProxy.java:749) ~[spring-aop-5.2.8.RELEASE.jar:5.2.8.RELEASE]
	at org.springframework.transaction.interceptor.TransactionAspectSupport.invokeWithinTransaction(TransactionAspectSupport.java:367) ~[spring-tx-5.2.8.RELEASE.jar:5.2.8.RELEASE]
	at org.springframework.transaction.interceptor.TransactionInterceptor.invoke(TransactionInterceptor.java:118) ~[spring-tx-5.2.8.RELEASE.jar:5.2.8.RELEASE]
	at org.springframework.aop.framework.ReflectiveMethodInvocation.proceed(ReflectiveMethodInvocation.java:186) ~[spring-aop-5.2.8.RELEASE.jar:5.2.8.RELEASE]
	at org.springframework.aop.framework.CglibAopProxy$CglibMethodInvocation.proceed(CglibAopProxy.java:749) ~[spring-aop-5.2.8.RELEASE.jar:5.2.8.RELEASE]
	at org.springframework.aop.interceptor.AsyncExecutionInterceptor.lambda$invoke$0(AsyncExecutionInterceptor.java:115) ~[spring-aop-5.2.8.RELEASE.jar:5.2.8.RELEASE]
	at java.util.concurrent.FutureTask.run(FutureTask.java:266) ~[na:1.8.0_251]
	at java.util.concurrent.ThreadPoolExecutor.runWorker(ThreadPoolExecutor.java:1149) ~[na:1.8.0_251]
	at java.util.concurrent.ThreadPoolExecutor$Worker.run(ThreadPoolExecutor.java:624) ~[na:1.8.0_251]
	at java.lang.Thread.run(Thread.java:748) ~[na:1.8.0_251]
Caused by: com.sun.mail.util.MailConnectException: Couldn't connect to host, port: smtp.gmail.com, 587; timeout -1
	at com.sun.mail.smtp.SMTPTransport.openServer(SMTPTransport.java:2210) ~[jakarta.mail-1.6.5.jar:1.6.5]
	at com.sun.mail.smtp.SMTPTransport.protocolConnect(SMTPTransport.java:722) ~[jakarta.mail-1.6.5.jar:1.6.5]
	at javax.mail.Service.connect(Service.java:342) ~[jakarta.mail-1.6.5.jar:1.6.5]
	at org.springframework.mail.javamail.JavaMailSenderImpl.connectTransport(JavaMailSenderImpl.java:518) ~[spring-context-support-5.2.8.RELEASE.jar:5.2.8.RELEASE]
	at org.springframework.mail.javamail.JavaMailSenderImpl.doSend(JavaMailSenderImpl.java:437) ~[spring-context-support-5.2.8.RELEASE.jar:5.2.8.RELEASE]
	... 17 common frames omitted
Caused by: java.net.UnknownHostException: smtp.gmail.com
	at java.net.AbstractPlainSocketImpl.connect(AbstractPlainSocketImpl.java:184) ~[na:1.8.0_251]
	at java.net.PlainSocketImpl.connect(PlainSocketImpl.java:172) ~[na:1.8.0_251]
	at java.net.SocksSocketImpl.connect(SocksSocketImpl.java:392) ~[na:1.8.0_251]
	at java.net.Socket.connect(Socket.java:606) ~[na:1.8.0_251]
	at java.net.Socket.connect(Socket.java:555) ~[na:1.8.0_251]
	at com.sun.mail.util.SocketFetcher.createSocket(SocketFetcher.java:335) ~[jakarta.mail-1.6.5.jar:1.6.5]
	at com.sun.mail.util.SocketFetcher.getSocket(SocketFetcher.java:214) ~[jakarta.mail-1.6.5.jar:1.6.5]
	at com.sun.mail.smtp.SMTPTransport.openServer(SMTPTransport.java:2160) ~[jakarta.mail-1.6.5.jar:1.6.5]
	... 21 common frames omitted

